This is XeTeX, Version 3.14159265-2.6-0.999991 (MiKTeX 2.9.6980) (preloaded format=xelatex 2019.3.14)  16 SEP 2019 08:02
entering extended mode
**./Utmutato.tex
(Utmutato.tex
LaTeX2e <2018-12-01>

("/Users/martonszemenyei/Library/Application Support/MiKTeX/texmfs/install/tex/
latex/base/report.cls"
Document Class: report 2018/09/03 v1.4i Standard LaTeX document class

("/Users/martonszemenyei/Library/Application Support/MiKTeX/texmfs/install/tex/
latex/base/size12.clo"
File: size12.clo 2018/09/03 v1.4i Standard LaTeX file (size option)
)
\c@part=\count80
\c@chapter=\count81
\c@section=\count82
\c@subsection=\count83
\c@subsubsection=\count84
\c@paragraph=\count85
\c@subparagraph=\count86
\c@figure=\count87
\c@table=\count88
\abovecaptionskip=\skip41
\belowcaptionskip=\skip42
\bibindent=\dimen102
)
("/Users/martonszemenyei/Library/Application Support/MiKTeX/texmfs/install/tex/
latex/tools/bm.sty"
Package: bm 2017/01/16 v1.2c Bold Symbol Support (DPC/FMi)
\symboldoperators=\mathgroup4
\symboldletters=\mathgroup5
\symboldsymbols=\mathgroup6
LaTeX Font Info:    Redeclaring math alphabet \mathbf on input line 141.
LaTeX Info: Redefining \bm on input line 207.
)
("/Users/martonszemenyei/Library/Application Support/MiKTeX/texmfs/install/tex/
latex/amsmath/amsmath.sty"
Package: amsmath 2018/12/01 v2.17b AMS math features
\@mathmargin=\skip43

For additional information on amsmath, use the `?' option.

("/Users/martonszemenyei/Library/Application Support/MiKTeX/texmfs/install/tex/
latex/amsmath/amstext.sty"
Package: amstext 2000/06/29 v2.01 AMS text

("/Users/martonszemenyei/Library/Application Support/MiKTeX/texmfs/install/tex/
latex/amsmath/amsgen.sty"
File: amsgen.sty 1999/11/30 v2.0 generic functions
\@emptytoks=\toks14
\ex@=\dimen103
))
("/Users/martonszemenyei/Library/Application Support/MiKTeX/texmfs/install/tex/
latex/amsmath/amsbsy.sty"
Package: amsbsy 1999/11/29 v1.2d Bold Symbols
LaTeX Info: Redefining \boldsymbol on input line 28.
\pmbraise@=\dimen104
)
("/Users/martonszemenyei/Library/Application Support/MiKTeX/texmfs/install/tex/
latex/amsmath/amsopn.sty"
Package: amsopn 2016/03/08 v2.02 operator names
)
\inf@bad=\count89
LaTeX Info: Redefining \frac on input line 223.
\uproot@=\count90
\leftroot@=\count91
LaTeX Info: Redefining \overline on input line 385.
\classnum@=\count92
\DOTSCASE@=\count93
LaTeX Info: Redefining \ldots on input line 482.
LaTeX Info: Redefining \dots on input line 485.
LaTeX Info: Redefining \cdots on input line 606.
\Mathstrutbox@=\box27
\strutbox@=\box28
\big@size=\dimen105
LaTeX Font Info:    Redeclaring font encoding OML on input line 729.
LaTeX Font Info:    Redeclaring font encoding OMS on input line 730.
\macc@depth=\count94
\c@MaxMatrixCols=\count95
\dotsspace@=\muskip10
\c@parentequation=\count96
\dspbrk@lvl=\count97
\tag@help=\toks15
\row@=\count98
\column@=\count99
\maxfields@=\count100
\andhelp@=\toks16
\eqnshift@=\dimen106
\alignsep@=\dimen107
\tagshift@=\dimen108
\tagwidth@=\dimen109
\totwidth@=\dimen110
\lineht@=\dimen111
\@envbody=\toks17
\multlinegap=\skip44
\multlinetaggap=\skip45
\mathdisplay@stack=\toks18
LaTeX Info: Redefining \[ on input line 2844.
LaTeX Info: Redefining \] on input line 2845.
)
("/Users/martonszemenyei/Library/Application Support/MiKTeX/texmfs/install/tex/
latex/amsfonts/amssymb.sty"
Package: amssymb 2013/01/14 v3.01 AMS font symbols

("/Users/martonszemenyei/Library/Application Support/MiKTeX/texmfs/install/tex/
latex/amsfonts/amsfonts.sty"
Package: amsfonts 2013/01/14 v3.01 Basic AMSFonts support
\symAMSa=\mathgroup7
\symAMSb=\mathgroup8
LaTeX Font Info:    Overwriting math alphabet `\mathfrak' in version `bold'
(Font)                  U/euf/m/n --> U/euf/b/n on input line 106.
))
("/Users/martonszemenyei/Library/Application Support/MiKTeX/texmfs/install/tex/
latex/tools/enumerate.sty"
Package: enumerate 2015/07/23 v3.00 enumerate extensions (DPC)
\@enLab=\toks19
)
("/Users/martonszemenyei/Library/Application Support/MiKTeX/texmfs/install/tex/
latex/ntheorem/ntheorem.sty"
Style `ntheorem', Version 1.33 <2011/08/15>
Package: ntheorem 2011/08/15 1.33

("/Users/martonszemenyei/Library/Application Support/MiKTeX/texmfs/install/tex/
latex/base/ifthen.sty"
Package: ifthen 2014/09/29 v1.1c Standard LaTeX ifthen package (DPC)
)
\theorem@style=\toks20
\theorem@@style=\toks21
\theorembodyfont=\toks22
\theoremnumbering=\toks23
\theorempreskipamount=\skip46
\theorempostskipamount=\skip47
\theoremframepreskipamount=\skip48
\theoremframepostskipamount=\skip49
\theoreminframepreskipamount=\skip50
\theoreminframepostskipamount=\skip51
\theorem@preskip=\toks24
\theorem@postskip=\toks25
\theorem@framepreskip=\toks26
\theorem@framepostskip=\toks27
\theorem@inframepreskip=\toks28
\theorem@inframepostskip=\toks29
\theoremindent=\dimen112
\theorem@indent=\dimen113
\theoremrightindent=\dimen114
\theorem@rightindent=\dimen115
\theoremheaderfont=\toks30
\theoremseparator=\toks31
\theoremprework=\toks32
\theorempostwork=\toks33
\theoremsymbol=\toks34
\qedsymbol=\toks35
\theoremkeyword=\toks36
\qedsymbol=\toks37
\thm@topsep=\skip52
\thm@topsepadd=\skip53
Package ntheorem Info: Option `thmmarks' loaded on input line 1175.
\c@endNonectr=\count101
\c@currNonectr=\count102
\mysavskip=\skip54
)
("/Users/martonszemenyei/Library/Application Support/MiKTeX/texmfs/install/tex/
latex/graphics/graphics.sty"
Package: graphics 2017/06/25 v1.2c Standard LaTeX Graphics (DPC,SPQR)

("/Users/martonszemenyei/Library/Application Support/MiKTeX/texmfs/install/tex/
latex/graphics/trig.sty"
Package: trig 2016/01/03 v1.10 sin cos tan (DPC)
)
("/Users/martonszemenyei/Library/Application Support/MiKTeX/texmfs/install/tex/
latex/graphics-cfg/graphics.cfg"
File: graphics.cfg 2016/06/04 v1.11 sample graphics configuration
)
Package graphics Info: Driver file: xetex.def on input line 99.

("/Users/martonszemenyei/Library/Application Support/MiKTeX/texmfs/install/tex/
latex/graphics-def/xetex.def"
File: xetex.def 2017/06/24 v5.0h Graphics/color driver for xetex
))
("/Users/martonszemenyei/Library/Application Support/MiKTeX/texmfs/install/tex/
latex/graphics/epsfig.sty"
Package: epsfig 2017/06/25 v1.7b (e)psfig emulation (SPQR)

("/Users/martonszemenyei/Library/Application Support/MiKTeX/texmfs/install/tex/
latex/graphics/graphicx.sty"
Package: graphicx 2017/06/01 v1.1a Enhanced LaTeX Graphics (DPC,SPQR)

("/Users/martonszemenyei/Library/Application Support/MiKTeX/texmfs/install/tex/
latex/graphics/keyval.sty"
Package: keyval 2014/10/28 v1.15 key=value parser (DPC)
\KV@toks@=\toks38
)
\Gin@req@height=\dimen116
\Gin@req@width=\dimen117
)
\epsfxsize=\dimen118
\epsfysize=\dimen119
)
("/Users/martonszemenyei/Library/Application Support/MiKTeX/texmfs/install/tex/
latex/listings/listings.sty"
\lst@mode=\count103
\lst@gtempboxa=\box29
\lst@token=\toks39
\lst@length=\count104
\lst@currlwidth=\dimen120
\lst@column=\count105
\lst@pos=\count106
\lst@lostspace=\dimen121
\lst@width=\dimen122
\lst@newlines=\count107
\lst@lineno=\count108
\lst@maxwidth=\dimen123

("/Users/martonszemenyei/Library/Application Support/MiKTeX/texmfs/install/tex/
latex/listings/lstmisc.sty"
File: lstmisc.sty 2019/02/27 1.8b (Carsten Heinz)
\c@lstnumber=\count109
\lst@skipnumbers=\count110
\lst@framebox=\box30
)
("/Users/martonszemenyei/Library/Application Support/MiKTeX/texmfs/install/tex/
latex/listings/listings.cfg"
File: listings.cfg 2019/02/27 1.8b listings configuration
))
Package: listings 2019/02/27 1.8b (Carsten Heinz)

("/Users/martonszemenyei/Library/Application Support/MiKTeX/texmfs/install/tex/
latex/graphics/color.sty"
Package: color 2016/07/10 v1.1e Standard LaTeX Color (DPC)

("/Users/martonszemenyei/Library/Application Support/MiKTeX/texmfs/install/tex/
latex/graphics-cfg/color.cfg"
File: color.cfg 2016/01/02 v1.6 sample color configuration
)
Package color Info: Driver file: xetex.def on input line 147.
)
("/Users/martonszemenyei/Library/Application Support/MiKTeX/texmfs/install/tex/
latex/algorithms/algorithm.sty"
Invalid UTF-8 byte or sequence at line 11 replaced by U+FFFD.
Package: algorithm 2009/08/24 v0.1 Document Style `algorithm' - floating enviro
nment

("/Users/martonszemenyei/Library/Application Support/MiKTeX/texmfs/install/tex/
latex/float/float.sty"
Package: float 2001/11/08 v1.3d Float enhancements (AL)
\c@float@type=\count111
\float@exts=\toks40
\float@box=\box31
\@float@everytoks=\toks41
\@floatcapt=\box32
)
\@float@every@algorithm=\toks42
\c@algorithm=\count112
)
("/Users/martonszemenyei/Library/Application Support/MiKTeX/texmfs/install/tex/
latex/algorithms/algorithmic.sty"
Invalid UTF-8 byte or sequence at line 11 replaced by U+FFFD.
Package: algorithmic 2009/08/24 v0.1 Document Style `algorithmic'
\c@ALC@unique=\count113
\c@ALC@line=\count114
\c@ALC@rem=\count115
\c@ALC@depth=\count116
\ALC@tlm=\skip55
\algorithmicindent=\skip56
)
("/Users/martonszemenyei/Library/Application Support/MiKTeX/texmfs/install/tex/
latex/lastpage/lastpage.sty"
Package: lastpage 2015/03/29 v1.2m Refers to last page's name (HMM; JPG)
)
("/Users/martonszemenyei/Library/Application Support/MiKTeX/texmfs/install/tex/
latex/anysize/anysize.sty"
Package: anysize 1994/08/13 setting margin sizes

document style option `anysize' loaded
Michael Salzenberg, Thomas Esser, Dirk Hillbrecht
Version 1.0, Aug 13, 1994
\@Leftmargin=\dimen124
\@Rightmargin=\dimen125
\@Topmargin=\dimen126
\@Bottommargin=\dimen127
)
("/Users/martonszemenyei/Library/Application Support/MiKTeX/texmfs/install/tex/
latex/sectsty/sectsty.sty"
Package: sectsty 2002/02/25 v2.0.2 Commands to change all sectional heading sty
les
)
("/Users/martonszemenyei/Library/Application Support/MiKTeX/texmfs/install/tex/
latex/setspace/setspace.sty"
Package: setspace 2011/12/19 v6.7a set line spacing
)
("/Users/martonszemenyei/Library/Application Support/MiKTeX/texmfs/install/tex/
latex/caption/caption.sty"
Package: caption 2018/10/06 v3.3-154 Customizing captions (AR)

("/Users/martonszemenyei/Library/Application Support/MiKTeX/texmfs/install/tex/
latex/caption/caption3.sty"
Package: caption3 2018/09/12 v1.8c caption3 kernel (AR)
Package caption3 Info: TeX engine: e-TeX on input line 64.
\captionmargin=\dimen128
\captionmargin@=\dimen129
\captionwidth=\dimen130
\caption@tempdima=\dimen131
\caption@indent=\dimen132
\caption@parindent=\dimen133
\caption@hangindent=\dimen134
)
\c@caption@flags=\count117
\c@ContinuedFloat=\count118
Package caption Info: float package is loaded.
Package caption Info: listings package is loaded.
)
("/Users/martonszemenyei/Library/Application Support/MiKTeX/texmfs/install/tex/
latex/hyperref/hyperref.sty"
Package: hyperref 2018/11/30 v6.88e Hypertext links for LaTeX

("/Users/martonszemenyei/Library/Application Support/MiKTeX/texmfs/install/tex/
generic/oberdiek/hobsub-hyperref.sty"
Package: hobsub-hyperref 2016/05/16 v1.14 Bundle oberdiek, subset hyperref (HO)


("/Users/martonszemenyei/Library/Application Support/MiKTeX/texmfs/install/tex/
generic/oberdiek/hobsub-generic.sty"
Package: hobsub-generic 2016/05/16 v1.14 Bundle oberdiek, subset generic (HO)
Package: hobsub 2016/05/16 v1.14 Construct package bundles (HO)
Package: infwarerr 2016/05/16 v1.4 Providing info/warning/error messages (HO)
Package: ltxcmds 2016/05/16 v1.23 LaTeX kernel commands for general use (HO)
Package: ifluatex 2016/05/16 v1.4 Provides the ifluatex switch (HO)
Package ifluatex Info: LuaTeX not detected.
Package: ifvtex 2016/05/16 v1.6 Detect VTeX and its facilities (HO)
Package ifvtex Info: VTeX not detected.
Package: intcalc 2016/05/16 v1.2 Expandable calculations with integers (HO)
Package: ifpdf 2018/09/07 v3.3 Provides the ifpdf switch
Package: etexcmds 2016/05/16 v1.6 Avoid name clashes with e-TeX commands (HO)
Package: kvsetkeys 2016/05/16 v1.17 Key value parser (HO)
Package: kvdefinekeys 2016/05/16 v1.4 Define keys (HO)
Package: pdftexcmds 2018/09/10 v0.29 Utility functions of pdfTeX for LuaTeX (HO
)
Package pdftexcmds Info: LuaTeX not detected.
Package pdftexcmds Info: pdfTeX >= 1.30 not detected.
Package pdftexcmds Info: \pdf@primitive is available.
Package pdftexcmds Info: \pdf@ifprimitive is available.
Package pdftexcmds Info: \pdfdraftmode not found.
Package: pdfescape 2016/05/16 v1.14 Implements pdfTeX's escape features (HO)
Package: bigintcalc 2016/05/16 v1.4 Expandable calculations on big integers (HO
)
Package: bitset 2016/05/16 v1.2 Handle bit-vector datatype (HO)
Package: uniquecounter 2016/05/16 v1.3 Provide unlimited unique counter (HO)
)
Package hobsub Info: Skipping package `hobsub' (already loaded).
Package: letltxmacro 2016/05/16 v1.5 Let assignment for LaTeX macros (HO)
Package: hopatch 2016/05/16 v1.3 Wrapper for package hooks (HO)
Package: xcolor-patch 2016/05/16 xcolor patch
Package: atveryend 2016/05/16 v1.9 Hooks at the very end of document (HO)
Package atveryend Info: \enddocument detected (standard20110627).
Package: atbegshi 2016/06/09 v1.18 At begin shipout hook (HO)
Package: refcount 2016/05/16 v3.5 Data extraction from label references (HO)
Package: hycolor 2016/05/16 v1.8 Color options for hyperref/bookmark (HO)
)
("/Users/martonszemenyei/Library/Application Support/MiKTeX/texmfs/install/tex/
generic/ifxetex/ifxetex.sty"
Package: ifxetex 2010/09/12 v0.6 Provides ifxetex conditional
)
("/Users/martonszemenyei/Library/Application Support/MiKTeX/texmfs/install/tex/
latex/oberdiek/auxhook.sty"
Package: auxhook 2016/05/16 v1.4 Hooks for auxiliary files (HO)
)
("/Users/martonszemenyei/Library/Application Support/MiKTeX/texmfs/install/tex/
latex/oberdiek/kvoptions.sty"
Package: kvoptions 2016/05/16 v3.12 Key value format for package options (HO)
)
\@linkdim=\dimen135
\Hy@linkcounter=\count119
\Hy@pagecounter=\count120

("/Users/martonszemenyei/Library/Application Support/MiKTeX/texmfs/install/tex/
latex/hyperref/pd1enc.def"
File: pd1enc.def 2018/11/30 v6.88e Hyperref: PDFDocEncoding definition (HO)
)
\Hy@SavedSpaceFactor=\count121

("/Users/martonszemenyei/Library/Application Support/MiKTeX/texmfs/install/tex/
latex/00miktex/hyperref.cfg"
File: hyperref.cfg 2002/06/06 v1.2 hyperref configuration of TeXLive
)
Package hyperref Info: Hyper figures OFF on input line 4519.
Package hyperref Info: Link nesting OFF on input line 4524.
Package hyperref Info: Hyper index ON on input line 4527.
Package hyperref Info: Plain pages OFF on input line 4534.
Package hyperref Info: Backreferencing OFF on input line 4539.
Package hyperref Info: Implicit mode ON; LaTeX internals redefined.
Package hyperref Info: Bookmarks ON on input line 4772.
\c@Hy@tempcnt=\count122

("/Users/martonszemenyei/Library/Application Support/MiKTeX/texmfs/install/tex/
latex/url/url.sty"
\Urlmuskip=\muskip11
Package: url 2013/09/16  ver 3.4  Verb mode for urls, etc.
)
LaTeX Info: Redefining \url on input line 5125.
\XeTeXLinkMargin=\dimen136
\Fld@menulength=\count123
\Field@Width=\dimen137
\Fld@charsize=\dimen138
Package hyperref Info: Hyper figures OFF on input line 6380.
Package hyperref Info: Link nesting OFF on input line 6385.
Package hyperref Info: Hyper index ON on input line 6388.
Package hyperref Info: backreferencing OFF on input line 6395.
Package hyperref Info: Link coloring OFF on input line 6400.
Package hyperref Info: Link coloring with OCG OFF on input line 6405.
Package hyperref Info: PDF/A mode OFF on input line 6410.
LaTeX Info: Redefining \ref on input line 6450.
LaTeX Info: Redefining \pageref on input line 6454.
\Hy@abspage=\count124
\c@Item=\count125
\c@Hfootnote=\count126
)
Package hyperref Info: Driver (autodetected): hxetex.

("/Users/martonszemenyei/Library/Application Support/MiKTeX/texmfs/install/tex/
latex/hyperref/hxetex.def"
File: hxetex.def 2018/11/30 v6.88e Hyperref driver for XeTeX

("/Users/martonszemenyei/Library/Application Support/MiKTeX/texmfs/install/tex/
latex/hyperref/puenc.def"
File: puenc.def 2018/11/30 v6.88e Hyperref: PDF Unicode definition (HO)
)
("/Users/martonszemenyei/Library/Application Support/MiKTeX/texmfs/install/tex/
generic/oberdiek/stringenc.sty"
Package: stringenc 2016/05/16 v1.11 Convert strings between diff. encodings (HO
)
)
\pdfm@box=\box33
\c@Hy@AnnotLevel=\count127
\HyField@AnnotCount=\count128
\Fld@listcount=\count129
\c@bookmark@seq@number=\count130

("/Users/martonszemenyei/Library/Application Support/MiKTeX/texmfs/install/tex/
latex/oberdiek/rerunfilecheck.sty"
Package: rerunfilecheck 2016/05/16 v1.8 Rerun checks for auxiliary files (HO)
Package uniquecounter Info: New unique counter `rerunfilecheck' on input line 2
82.
)
\Hy@SectionHShift=\skip57
)
("/Users/martonszemenyei/Library/Application Support/MiKTeX/texmfs/install/tex/
generic/babel/babel.sty"
Package: babel 2018/11/13 3.27 The Babel package

("/Users/martonszemenyei/Library/Application Support/MiKTeX/texmfs/install/tex/
generic/babel/switch.def"
File: switch.def 2018/11/13 3.27 Babel switching mechanism
)
*************************************
* Local config file bblopts.cfg used
*

("/Users/martonszemenyei/Library/Application Support/MiKTeX/texmfs/install/tex/
latex/arabi/bblopts.cfg"
File: bblopts.cfg 2005/09/08 v0.1 add Arabic and Farsi to "declared" options of
 babel
) (magyar.ldf
Invalid UTF-8 byte or sequence at line 61 replaced by U+FFFD.
Invalid UTF-8 byte or sequence at line 61 replaced by U+FFFD.
Language: magyar 2007/10/19 v1.5 Magyar support from the babel v3.7 system

("/Users/martonszemenyei/Library/Application Support/MiKTeX/texmfs/install/tex/
generic/babel/babel.def"
File: babel.def 2018/11/13 3.27 Babel common definitions
\babel@savecnt=\count131
\U@D=\dimen139

("/Users/martonszemenyei/Library/Application Support/MiKTeX/texmfs/install/tex/
generic/babel/xebabel.def"
("/Users/martonszemenyei/Library/Application Support/MiKTeX/texmfs/install/tex/
generic/babel/txtbabel.def"))
\bbl@dirlevel=\count132
)
Invalid UTF-8 byte or sequence at line 162 replaced by U+FFFD.
Invalid UTF-8 byte or sequence at line 1244 replaced by U+FFFD.
Invalid UTF-8 byte or sequence at line 1244 replaced by U+FFFD.
Invalid UTF-8 byte or sequence at line 1244 replaced by U+FFFD.
Invalid UTF-8 byte or sequence at line 1311 replaced by U+FFFD.
Invalid UTF-8 byte or sequence at line 1311 replaced by U+FFFD.
Invalid UTF-8 byte or sequence at line 1311 replaced by U+FFFD.
Invalid UTF-8 byte or sequence at line 1376 replaced by U+FFFD.
Invalid UTF-8 byte or sequence at line 1531 replaced by U+FFFD.
Invalid UTF-8 byte or sequence at line 1531 replaced by U+FFFD.
Invalid UTF-8 byte or sequence at line 1531 replaced by U+FFFD.
Invalid UTF-8 byte or sequence at line 1531 replaced by U+FFFD.
Invalid UTF-8 byte or sequence at line 1548 replaced by U+FFFD.
Invalid UTF-8 byte or sequence at line 1548 replaced by U+FFFD.
Invalid UTF-8 byte or sequence at line 1619 replaced by U+FFFD.
Invalid UTF-8 byte or sequence at line 1734 replaced by U+FFFD.
Invalid UTF-8 byte or sequence at line 1775 replaced by U+FFFD.
Invalid UTF-8 byte or sequence at line 1775 replaced by U+FFFD.
Invalid UTF-8 byte or sequence at line 1778 replaced by U+FFFD.
Invalid UTF-8 byte or sequence at line 1778 replaced by U+FFFD.
Invalid UTF-8 byte or sequence at line 1778 replaced by U+FFFD.
Invalid UTF-8 byte or sequence at line 1778 replaced by U+FFFD.
Package babel Info: Making ` an active character on input line 2609.
Invalid UTF-8 byte or sequence at line 2625 replaced by U+FFFD.
Invalid UTF-8 byte or sequence at line 2625 replaced by U+FFFD.
Invalid UTF-8 byte or sequence at line 2631 replaced by U+FFFD.
Invalid UTF-8 byte or sequence at line 2631 replaced by U+FFFD.
Invalid UTF-8 byte or sequence at line 2632 replaced by U+FFFD.
Invalid UTF-8 byte or sequence at line 2632 replaced by U+FFFD.
Invalid UTF-8 byte or sequence at line 2632 replaced by U+FFFD.
Invalid UTF-8 byte or sequence at line 2636 replaced by U+FFFD.
Invalid UTF-8 byte or sequence at line 2636 replaced by U+FFFD.
Invalid UTF-8 byte or sequence at line 2642 replaced by U+FFFD.
Invalid UTF-8 byte or sequence at line 2642 replaced by U+FFFD.
Invalid UTF-8 byte or sequence at line 2643 replaced by U+FFFD.
Invalid UTF-8 byte or sequence at line 2722 replaced by U+FFFD.
Invalid UTF-8 byte or sequence at line 2731 replaced by U+FFFD.
Invalid UTF-8 byte or sequence at line 2751 replaced by U+FFFD.
Invalid UTF-8 byte or sequence at line 2755 replaced by U+FFFD.
Invalid UTF-8 byte or sequence at line 2755 replaced by U+FFFD.
Invalid UTF-8 byte or sequence at line 2782 replaced by U+FFFD.
Invalid UTF-8 byte or sequence at line 2782 replaced by U+FFFD.
Invalid UTF-8 byte or sequence at line 2800 replaced by U+FFFD.
Invalid UTF-8 byte or sequence at line 2817 replaced by U+FFFD.
Invalid UTF-8 byte or sequence at line 2821 replaced by U+FFFD.
Invalid UTF-8 byte or sequence at line 2821 replaced by U+FFFD.
Invalid UTF-8 byte or sequence at line 2848 replaced by U+FFFD.
Invalid UTF-8 byte or sequence at line 2848 replaced by U+FFFD.
Invalid UTF-8 byte or sequence at line 2926 replaced by U+FFFD.
Invalid UTF-8 byte or sequence at line 3295 replaced by U+FFFD.
Invalid UTF-8 byte or sequence at line 3297 replaced by U+FFFD.
Invalid UTF-8 byte or sequence at line 3298 replaced by U+FFFD.
Invalid UTF-8 byte or sequence at line 3299 replaced by U+FFFD.
Invalid UTF-8 byte or sequence at line 3299 replaced by U+FFFD.
Invalid UTF-8 byte or sequence at line 3301 replaced by U+FFFD.
Invalid UTF-8 byte or sequence at line 3302 replaced by U+FFFD.
Invalid UTF-8 byte or sequence at line 3307 replaced by U+FFFD.
Invalid UTF-8 byte or sequence at line 3308 replaced by U+FFFD.
Invalid UTF-8 byte or sequence at line 3309 replaced by U+FFFD.
Invalid UTF-8 byte or sequence at line 3310 replaced by U+FFFD.
Invalid UTF-8 byte or sequence at line 3311 replaced by U+FFFD.
Invalid UTF-8 byte or sequence at line 3311 replaced by U+FFFD.
Invalid UTF-8 byte or sequence at line 3518 replaced by U+FFFD.
Invalid UTF-8 byte or sequence at line 3518 replaced by U+FFFD.
Invalid UTF-8 byte or sequence at line 3528 replaced by U+FFFD.
Invalid UTF-8 byte or sequence at line 3528 replaced by U+FFFD.
Invalid UTF-8 byte or sequence at line 3534 replaced by U+FFFD.
Invalid UTF-8 byte or sequence at line 3857 replaced by U+FFFD.
Invalid UTF-8 byte or sequence at line 3864 replaced by U+FFFD.
Invalid UTF-8 byte or sequence at line 3864 replaced by U+FFFD.
Invalid UTF-8 byte or sequence at line 3864 replaced by U+FFFD.
Invalid UTF-8 byte or sequence at line 3864 replaced by U+FFFD.
Invalid UTF-8 byte or sequence at line 3864 replaced by U+FFFD.
Invalid UTF-8 byte or sequence at line 3864 replaced by U+FFFD.
Invalid UTF-8 byte or sequence at line 3865 replaced by U+FFFD.
Invalid UTF-8 byte or sequence at line 3866 replaced by U+FFFD.
Invalid UTF-8 byte or sequence at line 3869 replaced by U+FFFD.
Invalid UTF-8 byte or sequence at line 3869 replaced by U+FFFD.
Invalid UTF-8 byte or sequence at line 3870 replaced by U+FFFD.
Invalid UTF-8 byte or sequence at line 3871 replaced by U+FFFD.
Invalid UTF-8 byte or sequence at line 3871 replaced by U+FFFD.
Invalid UTF-8 byte or sequence at line 3871 replaced by U+FFFD.
Invalid UTF-8 byte or sequence at line 3871 replaced by U+FFFD.
Invalid UTF-8 byte or sequence at line 3871 replaced by U+FFFD.
Invalid UTF-8 byte or sequence at line 3871 replaced by U+FFFD.
Invalid UTF-8 byte or sequence at line 3871 replaced by U+FFFD.
Invalid UTF-8 byte or sequence at line 3871 replaced by U+FFFD.
Invalid UTF-8 byte or sequence at line 3871 replaced by U+FFFD.
\c@footnote@add=\count133
\c@footnote@ch=\count134
Invalid UTF-8 byte or sequence at line 4088 replaced by U+FFFD.
Invalid UTF-8 byte or sequence at line 4088 replaced by U+FFFD.
Invalid UTF-8 byte or sequence at line 4088 replaced by U+FFFD.
Invalid UTF-8 byte or sequence at line 4088 replaced by U+FFFD.
Invalid UTF-8 byte or sequence at line 4088 replaced by U+FFFD.
Invalid UTF-8 byte or sequence at line 5204 replaced by U+FFFD.
Invalid UTF-8 byte or sequence at line 5357 replaced by U+FFFD.
Invalid UTF-8 byte or sequence at line 5357 replaced by U+FFFD.
Invalid UTF-8 byte or sequence at line 5357 replaced by U+FFFD.
Invalid UTF-8 byte or sequence at line 5357 replaced by U+FFFD.
Invalid UTF-8 byte or sequence at line 5357 replaced by U+FFFD.
Invalid UTF-8 byte or sequence at line 5377 replaced by U+FFFD.
Invalid UTF-8 byte or sequence at line 5377 replaced by U+FFFD.
Invalid UTF-8 byte or sequence at line 5379 replaced by U+FFFD.
Invalid UTF-8 byte or sequence at line 5379 replaced by U+FFFD.
Invalid UTF-8 byte or sequence at line 5379 replaced by U+FFFD.
Invalid UTF-8 byte or sequence at line 5379 replaced by U+FFFD.
Invalid UTF-8 byte or sequence at line 5379 replaced by U+FFFD.
Invalid UTF-8 byte or sequence at line 5386 replaced by U+FFFD.
Invalid UTF-8 byte or sequence at line 5386 replaced by U+FFFD.
Invalid UTF-8 byte or sequence at line 5389 replaced by U+FFFD.
Invalid UTF-8 byte or sequence at line 5428 replaced by U+FFFD.
Invalid UTF-8 byte or sequence at line 5428 replaced by U+FFFD.
Invalid UTF-8 byte or sequence at line 5428 replaced by U+FFFD.
Invalid UTF-8 byte or sequence at line 5448 replaced by U+FFFD.
Invalid UTF-8 byte or sequence at line 5448 replaced by U+FFFD.
Invalid UTF-8 byte or sequence at line 5448 replaced by U+FFFD.
Invalid UTF-8 byte or sequence at line 5448 replaced by U+FFFD.
Invalid UTF-8 byte or sequence at line 5448 replaced by U+FFFD.
Invalid UTF-8 byte or sequence at line 5448 replaced by U+FFFD.
Invalid UTF-8 byte or sequence at line 5449 replaced by U+FFFD.
Invalid UTF-8 byte or sequence at line 5449 replaced by U+FFFD.
Invalid UTF-8 byte or sequence at line 5449 replaced by U+FFFD.
Invalid UTF-8 byte or sequence at line 5449 replaced by U+FFFD.
Invalid UTF-8 byte or sequence at line 5449 replaced by U+FFFD.
Invalid UTF-8 byte or sequence at line 5449 replaced by U+FFFD.
Invalid UTF-8 byte or sequence at line 5467 replaced by U+FFFD.
Invalid UTF-8 byte or sequence at line 5467 replaced by U+FFFD.
Invalid UTF-8 byte or sequence at line 5469 replaced by U+FFFD.
Invalid UTF-8 byte or sequence at line 5469 replaced by U+FFFD.
Invalid UTF-8 byte or sequence at line 5469 replaced by U+FFFD.
Invalid UTF-8 byte or sequence at line 5469 replaced by U+FFFD.
Invalid UTF-8 byte or sequence at line 5469 replaced by U+FFFD.
Invalid UTF-8 byte or sequence at line 5470 replaced by U+FFFD.
Invalid UTF-8 byte or sequence at line 5470 replaced by U+FFFD.
Invalid UTF-8 byte or sequence at line 5470 replaced by U+FFFD.
Invalid UTF-8 byte or sequence at line 5470 replaced by U+FFFD.
Invalid UTF-8 byte or sequence at line 5470 replaced by U+FFFD.
Invalid UTF-8 byte or sequence at line 5470 replaced by U+FFFD.
Invalid UTF-8 byte or sequence at line 5470 replaced by U+FFFD.
Invalid UTF-8 byte or sequence at line 5497 replaced by U+FFFD.
Invalid UTF-8 byte or sequence at line 5497 replaced by U+FFFD.
Invalid UTF-8 byte or sequence at line 5497 replaced by U+FFFD.
Invalid UTF-8 byte or sequence at line 5497 replaced by U+FFFD.
Invalid UTF-8 byte or sequence at line 5497 replaced by U+FFFD.
Invalid UTF-8 byte or sequence at line 5497 replaced by U+FFFD.
Invalid UTF-8 byte or sequence at line 5499 replaced by U+FFFD.
Invalid UTF-8 byte or sequence at line 5501 replaced by U+FFFD.
Invalid UTF-8 byte or sequence at line 5501 replaced by U+FFFD.
Invalid UTF-8 byte or sequence at line 5505 replaced by U+FFFD.
Invalid UTF-8 byte or sequence at line 5505 replaced by U+FFFD.
Invalid UTF-8 byte or sequence at line 5507 replaced by U+FFFD.
Invalid UTF-8 byte or sequence at line 5507 replaced by U+FFFD.
Invalid UTF-8 byte or sequence at line 5519 replaced by U+FFFD.
Invalid UTF-8 byte or sequence at line 5524 replaced by U+FFFD.
Invalid UTF-8 byte or sequence at line 5529 replaced by U+FFFD.
))
("/Users/martonszemenyei/Library/Application Support/MiKTeX/texmfs/install/tex/
latex/fontspec/fontspec.sty"
("/Users/martonszemenyei/Library/Application Support/MiKTeX/texmfs/install/tex/
latex/l3packages/xparse/xparse.sty"
("/Users/martonszemenyei/Library/Application Support/MiKTeX/texmfs/install/tex/
latex/l3kernel/expl3.sty"
Package: expl3 2019-03-05 L3 programming layer (loader) 

("/Users/martonszemenyei/Library/Application Support/MiKTeX/texmfs/install/tex/
latex/l3kernel/expl3-code.tex"
Package: expl3 2019-03-05 L3 programming layer (code)
\c_max_int=\count135
\l_tmpa_int=\count136
\l_tmpb_int=\count137
\g_tmpa_int=\count138
\g_tmpb_int=\count139
\g__kernel_prg_map_int=\count140
\c_log_iow=\count141
\l_iow_line_count_int=\count142
\l__iow_line_target_int=\count143
\l__iow_one_indent_int=\count144
\l__iow_indent_int=\count145
\c_zero_dim=\dimen140
\c_max_dim=\dimen141
\l_tmpa_dim=\dimen142
\l_tmpb_dim=\dimen143
\g_tmpa_dim=\dimen144
\g_tmpb_dim=\dimen145
\c_zero_skip=\skip58
\c_max_skip=\skip59
\l_tmpa_skip=\skip60
\l_tmpb_skip=\skip61
\g_tmpa_skip=\skip62
\g_tmpb_skip=\skip63
\c_zero_muskip=\muskip12
\c_max_muskip=\muskip13
\l_tmpa_muskip=\muskip14
\l_tmpb_muskip=\muskip15
\g_tmpa_muskip=\muskip16
\g_tmpb_muskip=\muskip17
\l_keys_choice_int=\count146
\l__intarray_loop_int=\count147
\c__intarray_sp_dim=\dimen146
\g__intarray_font_int=\count148
\c__fp_leading_shift_int=\count149
\c__fp_middle_shift_int=\count150
\c__fp_trailing_shift_int=\count151
\c__fp_big_leading_shift_int=\count152
\c__fp_big_middle_shift_int=\count153
\c__fp_big_trailing_shift_int=\count154
\c__fp_Bigg_leading_shift_int=\count155
\c__fp_Bigg_middle_shift_int=\count156
\c__fp_Bigg_trailing_shift_int=\count157
\g__fp_array_int=\count158
\l__fp_array_loop_int=\count159
\l__sort_length_int=\count160
\l__sort_min_int=\count161
\l__sort_top_int=\count162
\l__sort_max_int=\count163
\l__sort_true_max_int=\count164
\l__sort_block_int=\count165
\l__sort_begin_int=\count166
\l__sort_end_int=\count167
\l__sort_A_int=\count168
\l__sort_B_int=\count169
\l__sort_C_int=\count170
\l__tl_analysis_normal_int=\count171
\l__tl_analysis_index_int=\count172
\l__tl_analysis_nesting_int=\count173
\l__tl_analysis_type_int=\count174
\l__regex_internal_a_int=\count175
\l__regex_internal_b_int=\count176
\l__regex_internal_c_int=\count177
\l__regex_balance_int=\count178
\l__regex_group_level_int=\count179
\l__regex_mode_int=\count180
\c__regex_cs_in_class_mode_int=\count181
\c__regex_cs_mode_int=\count182
\l__regex_catcodes_int=\count183
\l__regex_default_catcodes_int=\count184
\c__regex_catcode_L_int=\count185
\c__regex_catcode_O_int=\count186
\c__regex_catcode_A_int=\count187
\c__regex_all_catcodes_int=\count188
\l__regex_show_lines_int=\count189
\l__regex_min_state_int=\count190
\l__regex_max_state_int=\count191
\l__regex_left_state_int=\count192
\l__regex_right_state_int=\count193
\l__regex_capturing_group_int=\count194
\l__regex_min_pos_int=\count195
\l__regex_max_pos_int=\count196
\l__regex_curr_pos_int=\count197
\l__regex_start_pos_int=\count198
\l__regex_success_pos_int=\count199
\l__regex_curr_char_int=\count266
\l__regex_curr_catcode_int=\count267
\l__regex_last_char_int=\count268
\l__regex_case_changed_char_int=\count269
\l__regex_curr_state_int=\count270
\l__regex_step_int=\count271
\l__regex_min_active_int=\count272
\l__regex_max_active_int=\count273
\l__regex_replacement_csnames_int=\count274
\l__regex_match_count_int=\count275
\l__regex_min_submatch_int=\count276
\l__regex_submatch_int=\count277
\l__regex_zeroth_submatch_int=\count278
\g__regex_trace_regex_int=\count279
\c_empty_box=\box34
\l_tmpa_box=\box35
\l_tmpb_box=\box36
\g_tmpa_box=\box37
\g_tmpb_box=\box38
\l__box_top_dim=\dimen147
\l__box_bottom_dim=\dimen148
\l__box_left_dim=\dimen149
\l__box_right_dim=\dimen150
\l__box_top_new_dim=\dimen151
\l__box_bottom_new_dim=\dimen152
\l__box_left_new_dim=\dimen153
\l__box_right_new_dim=\dimen154
\l__box_internal_box=\box39
\l__coffin_internal_box=\box40
\l__coffin_internal_dim=\dimen155
\l__coffin_offset_x_dim=\dimen156
\l__coffin_offset_y_dim=\dimen157
\l__coffin_x_dim=\dimen158
\l__coffin_y_dim=\dimen159
\l__coffin_x_prime_dim=\dimen160
\l__coffin_y_prime_dim=\dimen161
\c_empty_coffin=\box41
\l__coffin_aligned_coffin=\box42
\l__coffin_aligned_internal_coffin=\box43
\l_tmpa_coffin=\box44
\l_tmpb_coffin=\box45
\g_tmpa_coffin=\box46
\g_tmpb_coffin=\box47
\l__coffin_bounding_shift_dim=\dimen162
\l__coffin_left_corner_dim=\dimen163
\l__coffin_right_corner_dim=\dimen164
\l__coffin_bottom_corner_dim=\dimen165
\l__coffin_top_corner_dim=\dimen166
\l__coffin_scaled_total_height_dim=\dimen167
\l__coffin_scaled_width_dim=\dimen168
\c__coffin_empty_coffin=\box48
\l__coffin_display_coffin=\box49
\l__coffin_display_coord_coffin=\box50
\l__coffin_display_pole_coffin=\box51
\l__coffin_display_offset_dim=\dimen169
\l__coffin_display_x_dim=\dimen170
\l__coffin_display_y_dim=\dimen171
\g__file_internal_ior=\read1
\l__seq_internal_a_int=\count280
\l__seq_internal_b_int=\count281
\c__deprecation_minus_one=\count282
)
("/Users/martonszemenyei/Library/Application Support/MiKTeX/texmfs/install/tex/
latex/l3kernel/l3xdvipdfmx.def"
File: l3xdvipdfmx.def 2019-03-05 v L3 Experimental driver: xdvipdfmx
\g__driver_image_int=\count283
\g__driver_pdf_object_int=\count284
))
Package: xparse 2019-03-05 L3 Experimental document command parser
\l__xparse_current_arg_int=\count285
\g__xparse_grabber_int=\count286
\l__xparse_m_args_int=\count287
\l__xparse_v_nesting_int=\count288
)
Package: fontspec 2019/02/12 v2.7b Font selection for XeLaTeX and LuaLaTeX

("/Users/martonszemenyei/Library/Application Support/MiKTeX/texmfs/install/tex/
latex/fontspec/fontspec-xetex.sty"
Package: fontspec-xetex 2019/02/12 v2.7b Font selection for XeLaTeX and LuaLaTe
X
\l__fontspec_script_int=\count289
\l__fontspec_language_int=\count290
\l__fontspec_strnum_int=\count291
\l__fontspec_tmp_int=\count292
\l__fontspec_tmpa_int=\count293
\l__fontspec_tmpb_int=\count294
\l__fontspec_tmpc_int=\count295
\l__fontspec_em_int=\count296
\l__fontspec_emdef_int=\count297
\l__fontspec_strong_int=\count298
\l__fontspec_strongdef_int=\count299
\l__fontspec_tmpa_dim=\dimen172
\l__fontspec_tmpb_dim=\dimen173
\l__fontspec_tmpc_dim=\dimen174

("/Users/martonszemenyei/Library/Application Support/MiKTeX/texmfs/install/tex/
latex/base/fontenc.sty"
Package: fontenc 2018/08/11 v2.0j Standard LaTeX package

("/Users/martonszemenyei/Library/Application Support/MiKTeX/texmfs/install/tex/
latex/base/tuenc.def"
File: tuenc.def 2018/08/11 v2.0j Standard LaTeX file
LaTeX Font Info:    Redeclaring font encoding TU on input line 82.
))
("/Users/martonszemenyei/Library/Application Support/MiKTeX/texmfs/install/tex/
latex/fontspec/fontspec.cfg")
LaTeX Info: Redefining \itshape on input line 4044.
LaTeX Info: Redefining \slshape on input line 4049.
LaTeX Info: Redefining \scshape on input line 4054.
LaTeX Info: Redefining \upshape on input line 4059.
LaTeX Info: Redefining \em on input line 4089.
LaTeX Info: Redefining \emph on input line 4114.
))
("/Users/martonszemenyei/Library/Application Support/MiKTeX/texmfs/install/tex/
latex/base/textcomp.sty"
Package: textcomp 2018/08/11 v2.0j Standard LaTeX package
Package textcomp Info: Sub-encoding information:
(textcomp)               5 = only ISO-Adobe without \textcurrency
(textcomp)               4 = 5 + \texteuro
(textcomp)               3 = 4 + \textohm
(textcomp)               2 = 3 + \textestimated + \textcurrency
(textcomp)               1 = TS1 - \textcircled - \t
(textcomp)               0 = TS1 (full)
(textcomp)             Font families with sub-encoding setting implement
(textcomp)             only a restricted character set as indicated.
(textcomp)             Family '?' is the default used for unknown fonts.
(textcomp)             See the documentation for details.
Package textcomp Info: Setting ? sub-encoding to TS1/1 on input line 79.

("/Users/martonszemenyei/Library/Application Support/MiKTeX/texmfs/install/tex/
latex/base/ts1enc.def"
File: ts1enc.def 2001/06/05 v3.0e (jk/car/fm) Standard LaTeX file
)
LaTeX Info: Redefining \oldstylenums on input line 334.
Package textcomp Info: Setting cmr sub-encoding to TS1/0 on input line 349.
Package textcomp Info: Setting cmss sub-encoding to TS1/0 on input line 350.
Package textcomp Info: Setting cmtt sub-encoding to TS1/0 on input line 351.
Package textcomp Info: Setting cmvtt sub-encoding to TS1/0 on input line 352.
Package textcomp Info: Setting cmbr sub-encoding to TS1/0 on input line 353.
Package textcomp Info: Setting cmtl sub-encoding to TS1/0 on input line 354.
Package textcomp Info: Setting ccr sub-encoding to TS1/0 on input line 355.
Package textcomp Info: Setting ptm sub-encoding to TS1/4 on input line 356.
Package textcomp Info: Setting pcr sub-encoding to TS1/4 on input line 357.
Package textcomp Info: Setting phv sub-encoding to TS1/4 on input line 358.
Package textcomp Info: Setting ppl sub-encoding to TS1/3 on input line 359.
Package textcomp Info: Setting pag sub-encoding to TS1/4 on input line 360.
Package textcomp Info: Setting pbk sub-encoding to TS1/4 on input line 361.
Package textcomp Info: Setting pnc sub-encoding to TS1/4 on input line 362.
Package textcomp Info: Setting pzc sub-encoding to TS1/4 on input line 363.
Package textcomp Info: Setting bch sub-encoding to TS1/4 on input line 364.
Package textcomp Info: Setting put sub-encoding to TS1/5 on input line 365.
Package textcomp Info: Setting uag sub-encoding to TS1/5 on input line 366.
Package textcomp Info: Setting ugq sub-encoding to TS1/5 on input line 367.
Package textcomp Info: Setting ul8 sub-encoding to TS1/4 on input line 368.
Package textcomp Info: Setting ul9 sub-encoding to TS1/4 on input line 369.
Package textcomp Info: Setting augie sub-encoding to TS1/5 on input line 370.
Package textcomp Info: Setting dayrom sub-encoding to TS1/3 on input line 371.
Package textcomp Info: Setting dayroms sub-encoding to TS1/3 on input line 372.

Package textcomp Info: Setting pxr sub-encoding to TS1/0 on input line 373.
Package textcomp Info: Setting pxss sub-encoding to TS1/0 on input line 374.
Package textcomp Info: Setting pxtt sub-encoding to TS1/0 on input line 375.
Package textcomp Info: Setting txr sub-encoding to TS1/0 on input line 376.
Package textcomp Info: Setting txss sub-encoding to TS1/0 on input line 377.
Package textcomp Info: Setting txtt sub-encoding to TS1/0 on input line 378.
Package textcomp Info: Setting lmr sub-encoding to TS1/0 on input line 379.
Package textcomp Info: Setting lmdh sub-encoding to TS1/0 on input line 380.
Package textcomp Info: Setting lmss sub-encoding to TS1/0 on input line 381.
Package textcomp Info: Setting lmssq sub-encoding to TS1/0 on input line 382.
Package textcomp Info: Setting lmvtt sub-encoding to TS1/0 on input line 383.
Package textcomp Info: Setting lmtt sub-encoding to TS1/0 on input line 384.
Package textcomp Info: Setting qhv sub-encoding to TS1/0 on input line 385.
Package textcomp Info: Setting qag sub-encoding to TS1/0 on input line 386.
Package textcomp Info: Setting qbk sub-encoding to TS1/0 on input line 387.
Package textcomp Info: Setting qcr sub-encoding to TS1/0 on input line 388.
Package textcomp Info: Setting qcs sub-encoding to TS1/0 on input line 389.
Package textcomp Info: Setting qpl sub-encoding to TS1/0 on input line 390.
Package textcomp Info: Setting qtm sub-encoding to TS1/0 on input line 391.
Package textcomp Info: Setting qzc sub-encoding to TS1/0 on input line 392.
Package textcomp Info: Setting qhvc sub-encoding to TS1/0 on input line 393.
Package textcomp Info: Setting futs sub-encoding to TS1/4 on input line 394.
Package textcomp Info: Setting futx sub-encoding to TS1/4 on input line 395.
Package textcomp Info: Setting futj sub-encoding to TS1/4 on input line 396.
Package textcomp Info: Setting hlh sub-encoding to TS1/3 on input line 397.
Package textcomp Info: Setting hls sub-encoding to TS1/3 on input line 398.
Package textcomp Info: Setting hlst sub-encoding to TS1/3 on input line 399.
Package textcomp Info: Setting hlct sub-encoding to TS1/5 on input line 400.
Package textcomp Info: Setting hlx sub-encoding to TS1/5 on input line 401.
Package textcomp Info: Setting hlce sub-encoding to TS1/5 on input line 402.
Package textcomp Info: Setting hlcn sub-encoding to TS1/5 on input line 403.
Package textcomp Info: Setting hlcw sub-encoding to TS1/5 on input line 404.
Package textcomp Info: Setting hlcf sub-encoding to TS1/5 on input line 405.
Package textcomp Info: Setting pplx sub-encoding to TS1/3 on input line 406.
Package textcomp Info: Setting pplj sub-encoding to TS1/3 on input line 407.
Package textcomp Info: Setting ptmx sub-encoding to TS1/4 on input line 408.
Package textcomp Info: Setting ptmj sub-encoding to TS1/4 on input line 409.
)
("/Users/martonszemenyei/Library/Application Support/MiKTeX/texmfs/install/tex/
latex/caption/subcaption.sty"
Package: subcaption 2018/05/01 v1.1-162 Sub-captions (AR)
\c@subfigure=\count300
\c@subtable=\count301
)
("/Users/martonszemenyei/Library/Application Support/MiKTeX/texmfs/install/tex/
latex/titlesec/titlesec.sty"
Package: titlesec 2016/03/21 v2.10.2 Sectioning titles
\ttl@box=\box52
\beforetitleunit=\skip64
\aftertitleunit=\skip65
\ttl@plus=\dimen175
\ttl@minus=\dimen176
\ttl@toksa=\toks43
\titlewidth=\dimen177
\titlewidthlast=\dimen178
\titlewidthfirst=\dimen179
)
("/Users/martonszemenyei/Library/Application Support/MiKTeX/texmfs/install/tex/
latex/blindtext/blindtext.sty"
Package: blindtext 2012/01/06 V2.0 blindtext-Package

("/Users/martonszemenyei/Library/Application Support/MiKTeX/texmfs/install/tex/
latex/tools/xspace.sty"
Package: xspace 2014/10/28 v1.13 Space after command names (DPC,MH)
)
\c@blindtext=\count302
\c@Blindtext=\count303
\c@blind@countparstart=\count304
\blind@countxx=\count305
\blindtext@numBlindtext=\count306
\blind@countyy=\count307
\c@blindlist=\count308
\c@blindlistlevel=\count309
\c@blindlist@level=\count310
\blind@listitem=\count311
\c@blind@listcount=\count312
\c@blind@levelcount=\count313
\blind@mathformula=\count314
\blind@Mathformula=\count315
\c@blind@randomcount=\count316
\c@blind@randommax=\count317
\c@blind@pangramcount=\count318
\c@blind@pangrammax=\count319
)
("/Users/martonszemenyei/Library/Application Support/MiKTeX/texmfs/install/tex/
latex/fancyhdr/fancyhdr.sty"
Package: fancyhdr 2019/01/31 v3.10 Extensive control of page headers and footer
s
\f@nch@headwidth=\skip66
\f@nch@O@elh=\skip67
\f@nch@O@erh=\skip68
\f@nch@O@olh=\skip69
\f@nch@O@orh=\skip70
\f@nch@O@elf=\skip71
\f@nch@O@erf=\skip72
\f@nch@O@olf=\skip73
\f@nch@O@orf=\skip74
)
("/Users/martonszemenyei/Library/Application Support/MiKTeX/texmfs/install/tex/
latex/todonotes/todonotes.sty"
Package: todonotes 2019/01/24 v1.1.2 Todonotes source and documentation.
Package: todonotes 2018/11/22

("/Users/martonszemenyei/Library/Application Support/MiKTeX/texmfs/install/tex/
latex/xkeyval/xkeyval.sty"
Package: xkeyval 2014/12/03 v2.7a package option processing (HA)

("/Users/martonszemenyei/Library/Application Support/MiKTeX/texmfs/install/tex/
generic/xkeyval/xkeyval.tex"
("/Users/martonszemenyei/Library/Application Support/MiKTeX/texmfs/install/tex/
generic/xkeyval/xkvutils.tex"
\XKV@toks=\toks44
\XKV@tempa@toks=\toks45
)
\XKV@depth=\count320
File: xkeyval.tex 2014/12/03 v2.7a key=value parser (HA)
))
("/Users/martonszemenyei/Library/Application Support/MiKTeX/texmfs/install/tex/
latex/xcolor/xcolor.sty"
Package: xcolor 2016/05/11 v2.12 LaTeX color extensions (UK)

("/Users/martonszemenyei/Library/Application Support/MiKTeX/texmfs/install/tex/
latex/graphics-cfg/color.cfg"
File: color.cfg 2016/01/02 v1.6 sample color configuration
)
Package xcolor Info: Driver file: xetex.def on input line 225.
LaTeX Info: Redefining \color on input line 709.
Package xcolor Info: Model `cmy' substituted by `cmy0' on input line 1348.
Package xcolor Info: Model `RGB' extended on input line 1364.
Package xcolor Info: Model `HTML' substituted by `rgb' on input line 1366.
Package xcolor Info: Model `Hsb' substituted by `hsb' on input line 1367.
Package xcolor Info: Model `tHsb' substituted by `hsb' on input line 1368.
Package xcolor Info: Model `HSB' substituted by `hsb' on input line 1369.
Package xcolor Info: Model `Gray' substituted by `gray' on input line 1370.
Package xcolor Info: Model `wave' substituted by `hsb' on input line 1371.
)
("/Users/martonszemenyei/Library/Application Support/MiKTeX/texmfs/install/tex/
latex/pgf/frontendlayer/tikz.sty"
("/Users/martonszemenyei/Library/Application Support/MiKTeX/texmfs/install/tex/
latex/pgf/basiclayer/pgf.sty"
("/Users/martonszemenyei/Library/Application Support/MiKTeX/texmfs/install/tex/
latex/pgf/utilities/pgfrcs.sty"
("/Users/martonszemenyei/Library/Application Support/MiKTeX/texmfs/install/tex/
generic/pgf/utilities/pgfutil-common.tex"
\pgfutil@everybye=\toks46
\pgfutil@tempdima=\dimen180
\pgfutil@tempdimb=\dimen181

("/Users/martonszemenyei/Library/Application Support/MiKTeX/texmfs/install/tex/
generic/pgf/utilities/pgfutil-common-lists.tex"))
("/Users/martonszemenyei/Library/Application Support/MiKTeX/texmfs/install/tex/
generic/pgf/utilities/pgfutil-latex.def"
\pgfutil@abb=\box53

("/Users/martonszemenyei/Library/Application Support/MiKTeX/texmfs/install/tex/
latex/ms/everyshi.sty"
Package: everyshi 2001/05/15 v3.00 EveryShipout Package (MS)
))
("/Users/martonszemenyei/Library/Application Support/MiKTeX/texmfs/install/tex/
generic/pgf/utilities/pgfrcs.code.tex"
("/Users/martonszemenyei/Library/Application Support/MiKTeX/texmfs/install/tex/
generic/pgf/pgf.revision.tex")
Package: pgfrcs 2019/04/04 v3.1.2 (3.1.2)
))
Package: pgf 2019/04/04 v3.1.2 (3.1.2)

("/Users/martonszemenyei/Library/Application Support/MiKTeX/texmfs/install/tex/
latex/pgf/basiclayer/pgfcore.sty"
("/Users/martonszemenyei/Library/Application Support/MiKTeX/texmfs/install/tex/
latex/pgf/systemlayer/pgfsys.sty"
("/Users/martonszemenyei/Library/Application Support/MiKTeX/texmfs/install/tex/
generic/pgf/systemlayer/pgfsys.code.tex"
Package: pgfsys 2019/04/04 v3.1.2 (3.1.2)

("/Users/martonszemenyei/Library/Application Support/MiKTeX/texmfs/install/tex/
generic/pgf/utilities/pgfkeys.code.tex"
\pgfkeys@pathtoks=\toks47
\pgfkeys@temptoks=\toks48

("/Users/martonszemenyei/Library/Application Support/MiKTeX/texmfs/install/tex/
generic/pgf/utilities/pgfkeysfiltered.code.tex"
\pgfkeys@tmptoks=\toks49
))
\pgf@x=\dimen182
\pgf@y=\dimen183
\pgf@xa=\dimen184
\pgf@ya=\dimen185
\pgf@xb=\dimen186
\pgf@yb=\dimen187
\pgf@xc=\dimen188
\pgf@yc=\dimen189
\w@pgf@writea=\write3
\r@pgf@reada=\read2
\c@pgf@counta=\count321
\c@pgf@countb=\count322
\c@pgf@countc=\count323
\c@pgf@countd=\count324
\t@pgf@toka=\toks50
\t@pgf@tokb=\toks51
\t@pgf@tokc=\toks52
\pgf@sys@id@count=\count325

("/Users/martonszemenyei/Library/Application Support/MiKTeX/texmfs/install/tex/
generic/pgf/systemlayer/pgf.cfg"
File: pgf.cfg 2019/04/04 v3.1.2 (3.1.2)
)
Driver file for pgf: pgfsys-xetex.def

("/Users/martonszemenyei/Library/Application Support/MiKTeX/texmfs/install/tex/
generic/pgf/systemlayer/pgfsys-xetex.def"
File: pgfsys-xetex.def 2019/04/04 v3.1.2 (3.1.2)

("/Users/martonszemenyei/Library/Application Support/MiKTeX/texmfs/install/tex/
generic/pgf/systemlayer/pgfsys-dvipdfmx.def"
File: pgfsys-dvipdfmx.def 2019/04/04 v3.1.2 (3.1.2)

("/Users/martonszemenyei/Library/Application Support/MiKTeX/texmfs/install/tex/
generic/pgf/systemlayer/pgfsys-common-pdf.def"
File: pgfsys-common-pdf.def 2019/04/04 v3.1.2 (3.1.2)
)
\pgfsys@objnum=\count326
)))
("/Users/martonszemenyei/Library/Application Support/MiKTeX/texmfs/install/tex/
generic/pgf/systemlayer/pgfsyssoftpath.code.tex"
File: pgfsyssoftpath.code.tex 2019/04/04 v3.1.2 (3.1.2)
\pgfsyssoftpath@smallbuffer@items=\count327
\pgfsyssoftpath@bigbuffer@items=\count328
)
("/Users/martonszemenyei/Library/Application Support/MiKTeX/texmfs/install/tex/
generic/pgf/systemlayer/pgfsysprotocol.code.tex"
File: pgfsysprotocol.code.tex 2019/04/04 v3.1.2 (3.1.2)
))
("/Users/martonszemenyei/Library/Application Support/MiKTeX/texmfs/install/tex/
generic/pgf/basiclayer/pgfcore.code.tex"
Package: pgfcore 2019/04/04 v3.1.2 (3.1.2)

("/Users/martonszemenyei/Library/Application Support/MiKTeX/texmfs/install/tex/
generic/pgf/math/pgfmath.code.tex"
("/Users/martonszemenyei/Library/Application Support/MiKTeX/texmfs/install/tex/
generic/pgf/math/pgfmathcalc.code.tex"
("/Users/martonszemenyei/Library/Application Support/MiKTeX/texmfs/install/tex/
generic/pgf/math/pgfmathutil.code.tex")
("/Users/martonszemenyei/Library/Application Support/MiKTeX/texmfs/install/tex/
generic/pgf/math/pgfmathparser.code.tex"
\pgfmath@dimen=\dimen190
\pgfmath@count=\count329
\pgfmath@box=\box54
\pgfmath@toks=\toks53
\pgfmath@stack@operand=\toks54
\pgfmath@stack@operation=\toks55
)
("/Users/martonszemenyei/Library/Application Support/MiKTeX/texmfs/install/tex/
generic/pgf/math/pgfmathfunctions.code.tex"
("/Users/martonszemenyei/Library/Application Support/MiKTeX/texmfs/install/tex/
generic/pgf/math/pgfmathfunctions.basic.code.tex")
("/Users/martonszemenyei/Library/Application Support/MiKTeX/texmfs/install/tex/
generic/pgf/math/pgfmathfunctions.trigonometric.code.tex")
("/Users/martonszemenyei/Library/Application Support/MiKTeX/texmfs/install/tex/
generic/pgf/math/pgfmathfunctions.random.code.tex")
("/Users/martonszemenyei/Library/Application Support/MiKTeX/texmfs/install/tex/
generic/pgf/math/pgfmathfunctions.comparison.code.tex")
("/Users/martonszemenyei/Library/Application Support/MiKTeX/texmfs/install/tex/
generic/pgf/math/pgfmathfunctions.base.code.tex")
("/Users/martonszemenyei/Library/Application Support/MiKTeX/texmfs/install/tex/
generic/pgf/math/pgfmathfunctions.round.code.tex")
("/Users/martonszemenyei/Library/Application Support/MiKTeX/texmfs/install/tex/
generic/pgf/math/pgfmathfunctions.misc.code.tex")
("/Users/martonszemenyei/Library/Application Support/MiKTeX/texmfs/install/tex/
generic/pgf/math/pgfmathfunctions.integerarithmetics.code.tex")))
("/Users/martonszemenyei/Library/Application Support/MiKTeX/texmfs/install/tex/
generic/pgf/math/pgfmathfloat.code.tex"
\c@pgfmathroundto@lastzeros=\count330
))
("/Users/martonszemenyei/Library/Application Support/MiKTeX/texmfs/install/tex/
generic/pgf/basiclayer/pgfcorepoints.code.tex"
File: pgfcorepoints.code.tex 2019/04/04 v3.1.2 (3.1.2)
\pgf@picminx=\dimen191
\pgf@picmaxx=\dimen192
\pgf@picminy=\dimen193
\pgf@picmaxy=\dimen194
\pgf@pathminx=\dimen195
\pgf@pathmaxx=\dimen196
\pgf@pathminy=\dimen197
\pgf@pathmaxy=\dimen198
\pgf@xx=\dimen199
\pgf@xy=\dimen256
\pgf@yx=\dimen257
\pgf@yy=\dimen258
\pgf@zx=\dimen259
\pgf@zy=\dimen260
)
("/Users/martonszemenyei/Library/Application Support/MiKTeX/texmfs/install/tex/
generic/pgf/basiclayer/pgfcorepathconstruct.code.tex"
File: pgfcorepathconstruct.code.tex 2019/04/04 v3.1.2 (3.1.2)
\pgf@path@lastx=\dimen261
\pgf@path@lasty=\dimen262
)
("/Users/martonszemenyei/Library/Application Support/MiKTeX/texmfs/install/tex/
generic/pgf/basiclayer/pgfcorepathusage.code.tex"
File: pgfcorepathusage.code.tex 2019/04/04 v3.1.2 (3.1.2)
\pgf@shorten@end@additional=\dimen263
\pgf@shorten@start@additional=\dimen264
)
("/Users/martonszemenyei/Library/Application Support/MiKTeX/texmfs/install/tex/
generic/pgf/basiclayer/pgfcorescopes.code.tex"
File: pgfcorescopes.code.tex 2019/04/04 v3.1.2 (3.1.2)
\pgfpic=\box55
\pgf@hbox=\box56
\pgf@layerbox@main=\box57
\pgf@picture@serial@count=\count331
)
("/Users/martonszemenyei/Library/Application Support/MiKTeX/texmfs/install/tex/
generic/pgf/basiclayer/pgfcoregraphicstate.code.tex"
File: pgfcoregraphicstate.code.tex 2019/04/04 v3.1.2 (3.1.2)
\pgflinewidth=\dimen265
)
("/Users/martonszemenyei/Library/Application Support/MiKTeX/texmfs/install/tex/
generic/pgf/basiclayer/pgfcoretransformations.code.tex"
File: pgfcoretransformations.code.tex 2019/04/04 v3.1.2 (3.1.2)
\pgf@pt@x=\dimen266
\pgf@pt@y=\dimen267
\pgf@pt@temp=\dimen268
)
("/Users/martonszemenyei/Library/Application Support/MiKTeX/texmfs/install/tex/
generic/pgf/basiclayer/pgfcorequick.code.tex"
File: pgfcorequick.code.tex 2019/04/04 v3.1.2 (3.1.2)
)
("/Users/martonszemenyei/Library/Application Support/MiKTeX/texmfs/install/tex/
generic/pgf/basiclayer/pgfcoreobjects.code.tex"
File: pgfcoreobjects.code.tex 2019/04/04 v3.1.2 (3.1.2)
)
("/Users/martonszemenyei/Library/Application Support/MiKTeX/texmfs/install/tex/
generic/pgf/basiclayer/pgfcorepathprocessing.code.tex"
File: pgfcorepathprocessing.code.tex 2019/04/04 v3.1.2 (3.1.2)
)
("/Users/martonszemenyei/Library/Application Support/MiKTeX/texmfs/install/tex/
generic/pgf/basiclayer/pgfcorearrows.code.tex"
File: pgfcorearrows.code.tex 2019/04/04 v3.1.2 (3.1.2)
\pgfarrowsep=\dimen269
)
("/Users/martonszemenyei/Library/Application Support/MiKTeX/texmfs/install/tex/
generic/pgf/basiclayer/pgfcoreshade.code.tex"
File: pgfcoreshade.code.tex 2019/04/04 v3.1.2 (3.1.2)
\pgf@max=\dimen270
\pgf@sys@shading@range@num=\count332
\pgf@shadingcount=\count333
)
("/Users/martonszemenyei/Library/Application Support/MiKTeX/texmfs/install/tex/
generic/pgf/basiclayer/pgfcoreimage.code.tex"
File: pgfcoreimage.code.tex 2019/04/04 v3.1.2 (3.1.2)

("/Users/martonszemenyei/Library/Application Support/MiKTeX/texmfs/install/tex/
generic/pgf/basiclayer/pgfcoreexternal.code.tex"
File: pgfcoreexternal.code.tex 2019/04/04 v3.1.2 (3.1.2)
\pgfexternal@startupbox=\box58
))
("/Users/martonszemenyei/Library/Application Support/MiKTeX/texmfs/install/tex/
generic/pgf/basiclayer/pgfcorelayers.code.tex"
File: pgfcorelayers.code.tex 2019/04/04 v3.1.2 (3.1.2)
)
("/Users/martonszemenyei/Library/Application Support/MiKTeX/texmfs/install/tex/
generic/pgf/basiclayer/pgfcoretransparency.code.tex"
File: pgfcoretransparency.code.tex 2019/04/04 v3.1.2 (3.1.2)
)
("/Users/martonszemenyei/Library/Application Support/MiKTeX/texmfs/install/tex/
generic/pgf/basiclayer/pgfcorepatterns.code.tex"
File: pgfcorepatterns.code.tex 2019/04/04 v3.1.2 (3.1.2)
)
("/Users/martonszemenyei/Library/Application Support/MiKTeX/texmfs/install/tex/
generic/pgf/basiclayer/pgfcorerdf.code.tex"
File: pgfcorerdf.code.tex 2019/04/04 v3.1.2 (3.1.2)
)))
("/Users/martonszemenyei/Library/Application Support/MiKTeX/texmfs/install/tex/
generic/pgf/modules/pgfmoduleshapes.code.tex"
File: pgfmoduleshapes.code.tex 2019/04/04 v3.1.2 (3.1.2)
\pgfnodeparttextbox=\box59
)
("/Users/martonszemenyei/Library/Application Support/MiKTeX/texmfs/install/tex/
generic/pgf/modules/pgfmoduleplot.code.tex"
File: pgfmoduleplot.code.tex 2019/04/04 v3.1.2 (3.1.2)
)
("/Users/martonszemenyei/Library/Application Support/MiKTeX/texmfs/install/tex/
latex/pgf/compatibility/pgfcomp-version-0-65.sty"
Package: pgfcomp-version-0-65 2019/04/04 v3.1.2 (3.1.2)
\pgf@nodesepstart=\dimen271
\pgf@nodesepend=\dimen272
)
("/Users/martonszemenyei/Library/Application Support/MiKTeX/texmfs/install/tex/
latex/pgf/compatibility/pgfcomp-version-1-18.sty"
Package: pgfcomp-version-1-18 2019/04/04 v3.1.2 (3.1.2)
))
("/Users/martonszemenyei/Library/Application Support/MiKTeX/texmfs/install/tex/
latex/pgf/utilities/pgffor.sty"
("/Users/martonszemenyei/Library/Application Support/MiKTeX/texmfs/install/tex/
latex/pgf/utilities/pgfkeys.sty"
("/Users/martonszemenyei/Library/Application Support/MiKTeX/texmfs/install/tex/
generic/pgf/utilities/pgfkeys.code.tex"))
("/Users/martonszemenyei/Library/Application Support/MiKTeX/texmfs/install/tex/
latex/pgf/math/pgfmath.sty"
("/Users/martonszemenyei/Library/Application Support/MiKTeX/texmfs/install/tex/
generic/pgf/math/pgfmath.code.tex"))
("/Users/martonszemenyei/Library/Application Support/MiKTeX/texmfs/install/tex/
generic/pgf/utilities/pgffor.code.tex"
Package: pgffor 2019/04/04 v3.1.2 (3.1.2)

("/Users/martonszemenyei/Library/Application Support/MiKTeX/texmfs/install/tex/
generic/pgf/math/pgfmath.code.tex")
\pgffor@iter=\dimen273
\pgffor@skip=\dimen274
\pgffor@stack=\toks56
\pgffor@toks=\toks57
))
("/Users/martonszemenyei/Library/Application Support/MiKTeX/texmfs/install/tex/
generic/pgf/frontendlayer/tikz/tikz.code.tex"
Package: tikz 2019/04/04 v3.1.2 (3.1.2)

("/Users/martonszemenyei/Library/Application Support/MiKTeX/texmfs/install/tex/
generic/pgf/libraries/pgflibraryplothandlers.code.tex"
File: pgflibraryplothandlers.code.tex 2019/04/04 v3.1.2 (3.1.2)
\pgf@plot@mark@count=\count334
\pgfplotmarksize=\dimen275
)
\tikz@lastx=\dimen276
\tikz@lasty=\dimen277
\tikz@lastxsaved=\dimen278
\tikz@lastysaved=\dimen279
\tikzleveldistance=\dimen280
\tikzsiblingdistance=\dimen281
\tikz@figbox=\box60
\tikz@figbox@bg=\box61
\tikz@tempbox=\box62
\tikz@tempbox@bg=\box63
\tikztreelevel=\count335
\tikznumberofchildren=\count336
\tikznumberofcurrentchild=\count337
\tikz@fig@count=\count338

("/Users/martonszemenyei/Library/Application Support/MiKTeX/texmfs/install/tex/
generic/pgf/modules/pgfmodulematrix.code.tex"
File: pgfmodulematrix.code.tex 2019/04/04 v3.1.2 (3.1.2)
\pgfmatrixcurrentrow=\count339
\pgfmatrixcurrentcolumn=\count340
\pgf@matrix@numberofcolumns=\count341
)
\tikz@expandcount=\count342

("/Users/martonszemenyei/Library/Application Support/MiKTeX/texmfs/install/tex/
generic/pgf/frontendlayer/tikz/libraries/tikzlibrarytopaths.code.tex"
File: tikzlibrarytopaths.code.tex 2019/04/04 v3.1.2 (3.1.2)
)))
("/Users/martonszemenyei/Library/Application Support/MiKTeX/texmfs/install/tex/
generic/pgf/frontendlayer/tikz/libraries/tikzlibrarypositioning.code.tex"
File: tikzlibrarypositioning.code.tex 2019/04/04 v3.1.2 (3.1.2)
)
("/Users/martonszemenyei/Library/Application Support/MiKTeX/texmfs/install/tex/
generic/pgf/frontendlayer/tikz/libraries/tikzlibraryshadows.code.tex"
File: tikzlibraryshadows.code.tex 2019/04/04 v3.1.2 (3.1.2)

("/Users/martonszemenyei/Library/Application Support/MiKTeX/texmfs/install/tex/
generic/pgf/frontendlayer/tikz/libraries/tikzlibraryfadings.code.tex"
File: tikzlibraryfadings.code.tex 2019/04/04 v3.1.2 (3.1.2)

("/Users/martonszemenyei/Library/Application Support/MiKTeX/texmfs/install/tex/
generic/pgf/libraries/pgflibraryfadings.code.tex"
File: pgflibraryfadings.code.tex 2019/04/04 v3.1.2 (3.1.2)
)))
("/Users/martonszemenyei/Library/Application Support/MiKTeX/texmfs/install/tex/
latex/tools/calc.sty"
Package: calc 2017/05/25 v4.3 Infix arithmetic (KKT,FJ)
\calc@Acount=\count343
\calc@Bcount=\count344
\calc@Adimen=\dimen282
\calc@Bdimen=\dimen283
\calc@Askip=\skip75
\calc@Bskip=\skip76
LaTeX Info: Redefining \setlength on input line 80.
LaTeX Info: Redefining \addtolength on input line 81.
\calc@Ccount=\count345
\calc@Cskip=\skip77
)
\c@@todonotes@numberoftodonotes=\count346
)
("/Users/martonszemenyei/Library/Application Support/MiKTeX/texmfs/install/tex/
latex/biblatex/biblatex.sty"
Package: biblatex 2018/11/02 v3.12 programmable bibliographies (PK/MW)

("/Users/martonszemenyei/Library/Application Support/MiKTeX/texmfs/install/tex/
latex/etoolbox/etoolbox.sty"
Package: etoolbox 2018/08/19 v2.5f e-TeX tools for LaTeX (JAW)
\etb@tempcnta=\count347
)
("/Users/martonszemenyei/Library/Application Support/MiKTeX/texmfs/install/tex/
latex/logreq/logreq.sty"
Package: logreq 2010/08/04 v1.0 xml request logger
\lrq@indent=\count348

("/Users/martonszemenyei/Library/Application Support/MiKTeX/texmfs/install/tex/
latex/logreq/logreq.def"
File: logreq.def 2010/08/04 v1.0 logreq spec v1.0
))
\c@tabx@nest=\count349
\c@listtotal=\count350
\c@listcount=\count351
\c@liststart=\count352
\c@liststop=\count353
\c@citecount=\count354
\c@citetotal=\count355
\c@multicitecount=\count356
\c@multicitetotal=\count357
\c@instcount=\count358
\c@maxnames=\count359
\c@minnames=\count360
\c@maxitems=\count361
\c@minitems=\count362
\c@citecounter=\count363
\c@maxcitecounter=\count364
\c@savedcitecounter=\count365
\c@uniquelist=\count366
\c@uniquename=\count367
\c@refsection=\count368
\c@refsegment=\count369
\c@maxextratitle=\count370
\c@maxextratitleyear=\count371
\c@maxextraname=\count372
\c@maxextradate=\count373
\c@maxextraalpha=\count374
\c@abbrvpenalty=\count375
\c@highnamepenalty=\count376
\c@lownamepenalty=\count377
\c@maxparens=\count378
\c@parenlevel=\count379
\blx@tempcnta=\count380
\blx@tempcntb=\count381
\blx@tempcntc=\count382
\blx@maxsection=\count383
\blx@maxsegment@0=\count384
\blx@notetype=\count385
\blx@parenlevel@text=\count386
\blx@parenlevel@foot=\count387
\blx@sectionciteorder@0=\count388
\blx@entrysetcounter=\count389
\labelnumberwidth=\skip78
\labelalphawidth=\skip79
\biblabelsep=\skip80
\bibitemsep=\skip81
\bibnamesep=\skip82
\bibinitsep=\skip83
\bibparsep=\skip84
\bibhang=\skip85
\blx@bcfin=\read3
\blx@bcfout=\write4
\c@mincomprange=\count390
\c@maxcomprange=\count391
\c@mincompwidth=\count392
Package biblatex Info: Trying to load biblatex default data model...
Package biblatex Info: ... file 'blx-dm.def' found.

("/Users/martonszemenyei/Library/Application Support/MiKTeX/texmfs/install/tex/
latex/biblatex/blx-dm.def"
File: blx-dm.def 2018/11/02 v3.12 biblatex localization (PK/MW)
)
Package biblatex Info: Trying to load biblatex style data model...
Package biblatex Info: ... file 'ieee.dbx' not found.
Package biblatex Info: Trying to load biblatex custom data model...
Package biblatex Info: ... file 'biblatex-dm.cfg' not found.
\c@afterword=\count393
\c@savedafterword=\count394
\c@annotator=\count395
\c@savedannotator=\count396
\c@author=\count397
\c@savedauthor=\count398
\c@bookauthor=\count399
\c@savedbookauthor=\count400
\c@commentator=\count401
\c@savedcommentator=\count402
\c@editor=\count403
\c@savededitor=\count404
\c@editora=\count405
\c@savededitora=\count406
\c@editorb=\count407
\c@savededitorb=\count408
\c@editorc=\count409
\c@savededitorc=\count410
\c@foreword=\count411
\c@savedforeword=\count412
\c@holder=\count413
\c@savedholder=\count414
\c@introduction=\count415
\c@savedintroduction=\count416
\c@namea=\count417
\c@savednamea=\count418
\c@nameb=\count419
\c@savednameb=\count420
\c@namec=\count421
\c@savednamec=\count422
\c@translator=\count423
\c@savedtranslator=\count424
\c@shortauthor=\count425
\c@savedshortauthor=\count426
\c@shorteditor=\count427
\c@savedshorteditor=\count428
\c@labelname=\count429
\c@savedlabelname=\count430
\c@institution=\count431
\c@savedinstitution=\count432
\c@lista=\count433
\c@savedlista=\count434
\c@listb=\count435
\c@savedlistb=\count436
\c@listc=\count437
\c@savedlistc=\count438
\c@listd=\count439
\c@savedlistd=\count440
\c@liste=\count441
\c@savedliste=\count442
\c@listf=\count443
\c@savedlistf=\count444
\c@location=\count445
\c@savedlocation=\count446
\c@organization=\count447
\c@savedorganization=\count448
\c@origlocation=\count449
\c@savedoriglocation=\count450
\c@origpublisher=\count451
\c@savedorigpublisher=\count452
\c@publisher=\count453
\c@savedpublisher=\count454
\c@language=\count455
\c@savedlanguage=\count456
\c@origlanguage=\count457
\c@savedoriglanguage=\count458
\c@pageref=\count459
\c@savedpageref=\count460
\shorthandwidth=\skip86
\shortjournalwidth=\skip87
\shortserieswidth=\skip88
\shorttitlewidth=\skip89
\shortauthorwidth=\skip90
\shorteditorwidth=\skip91
\locallabelnumberwidth=\skip92
\locallabelalphawidth=\skip93
\localshorthandwidth=\skip94
\localshortjournalwidth=\skip95
\localshortserieswidth=\skip96
\localshorttitlewidth=\skip97
\localshortauthorwidth=\skip98
\localshorteditorwidth=\skip99
Package biblatex Info: Trying to load enhanced support for Unicode engines...
Package biblatex Info: ... file 'blx-unicode.def' found.

("/Users/martonszemenyei/Library/Application Support/MiKTeX/texmfs/install/tex/
latex/biblatex/blx-unicode.def")
Package biblatex Info: Trying to load compatibility code...
Package biblatex Info: ... file 'blx-compat.def' found.

("/Users/martonszemenyei/Library/Application Support/MiKTeX/texmfs/install/tex/
latex/biblatex/blx-compat.def"
File: blx-compat.def 2018/11/02 v3.12 biblatex compatibility (PK/MW)
)
Package biblatex Info: Trying to load generic definitions...
Package biblatex Info: ... file 'biblatex.def' found.

("/Users/martonszemenyei/Library/Application Support/MiKTeX/texmfs/install/tex/
latex/biblatex/biblatex.def"
File: biblatex.def 2018/11/02 v3.12 biblatex compatibility (PK/MW)
\c@textcitecount=\count461
\c@textcitetotal=\count462
\c@textcitemaxnames=\count463
\c@biburlnumpenalty=\count464
\c@biburlucpenalty=\count465
\c@biburllcpenalty=\count466
\c@smartand=\count467
)
Package biblatex Info: Trying to load bibliography style 'ieee'...
Package biblatex Info: ... file 'ieee.bbx' found.

("/Users/martonszemenyei/Library/Application Support/MiKTeX/texmfs/install/tex/
latex/biblatex-ieee/ieee.bbx"
File: ieee.bbx 2018/08/20 v1.3 biblatex bibliography style
Package biblatex Info: Trying to load bibliography style 'numeric-comp'...
Package biblatex Info: ... file 'numeric-comp.bbx' found.

("/Users/martonszemenyei/Library/Application Support/MiKTeX/texmfs/install/tex/
latex/biblatex/bbx/numeric-comp.bbx"
File: numeric-comp.bbx 2018/11/02 v3.12 biblatex bibliography style (PK/MW)
Package biblatex Info: Trying to load bibliography style 'numeric'...
Package biblatex Info: ... file 'numeric.bbx' found.

("/Users/martonszemenyei/Library/Application Support/MiKTeX/texmfs/install/tex/
latex/biblatex/bbx/numeric.bbx"
File: numeric.bbx 2018/11/02 v3.12 biblatex bibliography style (PK/MW)
Package biblatex Info: Trying to load bibliography style 'standard'...
Package biblatex Info: ... file 'standard.bbx' found.

("/Users/martonszemenyei/Library/Application Support/MiKTeX/texmfs/install/tex/
latex/biblatex/bbx/standard.bbx"
File: standard.bbx 2018/11/02 v3.12 biblatex bibliography style (PK/MW)
\c@bbx:relatedcount=\count468
\c@bbx:relatedtotal=\count469
))))
Package biblatex Info: Trying to load citation style 'ieee'...
Package biblatex Info: ... file 'ieee.cbx' found.

("/Users/martonszemenyei/Library/Application Support/MiKTeX/texmfs/install/tex/
latex/biblatex-ieee/ieee.cbx"
File: ieee.cbx 2018/08/20 v1.3 biblatex citation style
Package biblatex Info: Trying to load citation style 'numeric-comp'...
Package biblatex Info: ... file 'numeric-comp.cbx' found.

("/Users/martonszemenyei/Library/Application Support/MiKTeX/texmfs/install/tex/
latex/biblatex/cbx/numeric-comp.cbx"
File: numeric-comp.cbx 2018/11/02 v3.12 biblatex citation style (PK/MW)
\c@cbx@tempcnta=\count470
\c@cbx@tempcntb=\count471
Package biblatex Info: Redefining '\cite'.
Package biblatex Info: Redefining '\parencite'.
Package biblatex Info: Redefining '\footcite'.
Package biblatex Info: Redefining '\footcitetext'.
Package biblatex Info: Redefining '\smartcite'.
Package biblatex Info: Redefining '\supercite'.
Package biblatex Info: Redefining '\textcite'.
Package biblatex Info: Redefining '\textcites'.
Package biblatex Info: Redefining '\cites'.
Package biblatex Info: Redefining '\parencites'.
Package biblatex Info: Redefining '\smartcites'.
)
Package biblatex Info: Redefining '\cite'.
Package biblatex Info: Redefining '\cites'.
)
Package biblatex Info: Trying to load configuration file...
Package biblatex Info: ... file 'biblatex.cfg' found.

("/Users/martonszemenyei/Library/Application Support/MiKTeX/texmfs/install/tex/
latex/biblatex/biblatex.cfg"
File: biblatex.cfg 
))
("/Users/martonszemenyei/Library/Application Support/MiKTeX/texmfs/install/tex/
latex/psnfss/courier.sty"
Package: courier 2005/04/12 PSNFSS-v9.2a (WaS) 
)
("/Users/martonszemenyei/Library/Application Support/MiKTeX/texmfs/install/tex/
latex/listings/lstmisc.sty"
File: lstmisc.sty 2019/02/27 1.8b (Carsten Heinz)
\lst@fmtcurrindent=\dimen284
\lst@newlinesensured=\count472
)
("/Users/martonszemenyei/Library/Application Support/MiKTeX/texmfs/install/tex/
generic/oberdiek/se-ascii-print.def"
File: se-ascii-print.def 2016/05/16 v1.11 stringenc: Printable ASCII characters

)
Package hyperref Info: Option `pdfnewwindow' set `true' on input line 129.
Package hyperref Info: Option `colorlinks' set `true' on input line 129.
Package biblatex Info: Trying to load language 'magyar' -> 'magyar-ieee'...
Package biblatex Info: ... file 'magyar-ieee.lbx' found.

("/Users/martonszemenyei/Library/Application Support/MiKTeX/texmfs/install/tex/
latex/biblatex-ieee/magyar-ieee.lbx"
File: magyar-ieee.lbx 
Package biblatex Info: Trying to load language 'magyar'...
Package biblatex Info: ... file 'magyar.lbx' found.

("/Users/martonszemenyei/Library/Application Support/MiKTeX/texmfs/install/tex/
latex/biblatex/lbx/magyar.lbx"
File: magyar.lbx 2018/11/02 v3.12 biblatex localization (PK/MW)


Package biblatex Warning: Hungarian localisation module for biblatex loaded.
(biblatex)                This module changes more definitions than usual.
(biblatex)                Please refer to the documentation for hints and
(biblatex)                check the output, especially with non-standard
(biblatex)                styles or customisations to field formats.
(biblatex)                This warning can be disabled with
(biblatex)                '\BiblatexHungarianWarningOff'.

)
Package biblatex Info: Trying to load language 'magyar'...
Package biblatex Info: ... file 'magyar.lbx' found.

("/Users/martonszemenyei/Library/Application Support/MiKTeX/texmfs/install/tex/
latex/biblatex/lbx/magyar.lbx"
File: magyar.lbx 2018/11/02 v3.12 biblatex localization (PK/MW)
))

Package biblatex Warning: 'babel/polyglossia' detected but 'csquotes' missing.
(biblatex)                Loading 'csquotes' recommended.

\@quotelevel=\count473
\@quotereset=\count474
(Utmutato.aux)
\openout1 = `Utmutato.aux'.

LaTeX Font Info:    Checking defaults for OML/cmm/m/it on input line 189.
LaTeX Font Info:    ... okay on input line 189.
LaTeX Font Info:    Checking defaults for T1/cmr/m/n on input line 189.
LaTeX Font Info:    ... okay on input line 189.
LaTeX Font Info:    Checking defaults for OT1/cmr/m/n on input line 189.
LaTeX Font Info:    ... okay on input line 189.
LaTeX Font Info:    Checking defaults for OMS/cmsy/m/n on input line 189.
LaTeX Font Info:    ... okay on input line 189.
LaTeX Font Info:    Checking defaults for TU/lmr/m/n on input line 189.
LaTeX Font Info:    ... okay on input line 189.
LaTeX Font Info:    Checking defaults for OMX/cmex/m/n on input line 189.
LaTeX Font Info:    ... okay on input line 189.
LaTeX Font Info:    Checking defaults for U/cmr/m/n on input line 189.
LaTeX Font Info:    ... okay on input line 189.
LaTeX Font Info:    Checking defaults for PD1/pdf/m/n on input line 189.
LaTeX Font Info:    ... okay on input line 189.
LaTeX Font Info:    Checking defaults for PU/pdf/m/n on input line 189.
LaTeX Font Info:    ... okay on input line 189.
LaTeX Font Info:    Checking defaults for TS1/cmr/m/n on input line 189.
LaTeX Font Info:    Try loading font information for TS1+cmr on input line 189.


("/Users/martonszemenyei/Library/Application Support/MiKTeX/texmfs/install/tex/
latex/base/ts1cmr.fd"
File: ts1cmr.fd 2014/09/29 v2.5h Standard LaTeX font definitions
)
LaTeX Font Info:    ... okay on input line 189.
\c@lstlisting=\count475
Package lastpage Info: Please have a look at the pageslts package at
(lastpage)             https://www.ctan.org/pkg/pageslts
(lastpage)             ! on input line 189.
Package caption Info: Begin \AtBeginDocument code.
Package caption Info: hyperref package is loaded.
Package caption Info: End \AtBeginDocument code.
\AtBeginShipoutBox=\box64
Package hyperref Info: Link coloring ON on input line 189.

("/Users/martonszemenyei/Library/Application Support/MiKTeX/texmfs/install/tex/
latex/hyperref/nameref.sty"
Package: nameref 2016/05/21 v2.44 Cross-referencing by name of section

("/Users/martonszemenyei/Library/Application Support/MiKTeX/texmfs/install/tex/
generic/oberdiek/gettitlestring.sty"
Package: gettitlestring 2016/05/16 v1.5 Cleanup title references (HO)
)
\c@section@level=\count476
)
LaTeX Info: Redefining \ref on input line 189.
LaTeX Info: Redefining \pageref on input line 189.
LaTeX Info: Redefining \nameref on input line 189.
 (Utmutato.out) (Utmutato.out)
\@outlinefile=\write5
\openout5 = `Utmutato.out'.



Package magyar.ldf Warning: All Hungarian hyphenation= patterns missing.
(magyar.ldf)                To make LaTeX hyphenate Hungarian words, please
(magyar.ldf)                modify language.dat and rerun initex or texconfig.


LaTeX Warning: Please use \usepackage{t1enc} with
               \usepackage[magyar]{babel}, to get accented chars hyphenated.


LaTeX Warning: Please use \usepackage[latin2]{inputenc} with
               \usepackage[magyar]{babel}.


Package magyar.ldf Warning: No effect on fancyhdr.sty,
(magyar.ldf)                please load it before \usepackage[magyar]{babel}.


Package fontspec Info: Adjusting the maths setup (use [no-math] to avoid
(fontspec)             this).

\symlegacymaths=\mathgroup9
LaTeX Font Info:    Overwriting symbol font `legacymaths' in version `bold'
(Font)                  OT1/cmr/m/n --> OT1/cmr/bx/n on input line 189.
LaTeX Font Info:    Redeclaring math accent \acute on input line 189.
LaTeX Font Info:    Redeclaring math accent \grave on input line 189.
LaTeX Font Info:    Redeclaring math accent \ddot on input line 189.
LaTeX Font Info:    Redeclaring math accent \tilde on input line 189.
LaTeX Font Info:    Redeclaring math accent \bar on input line 189.
LaTeX Font Info:    Redeclaring math accent \breve on input line 189.
LaTeX Font Info:    Redeclaring math accent \check on input line 189.
LaTeX Font Info:    Redeclaring math accent \hat on input line 189.
LaTeX Font Info:    Redeclaring math accent \dot on input line 189.
LaTeX Font Info:    Redeclaring math accent \mathring on input line 189.
LaTeX Font Info:    Redeclaring math symbol \Gamma on input line 189.
LaTeX Font Info:    Redeclaring math symbol \Delta on input line 189.
LaTeX Font Info:    Redeclaring math symbol \Theta on input line 189.
LaTeX Font Info:    Redeclaring math symbol \Lambda on input line 189.
LaTeX Font Info:    Redeclaring math symbol \Xi on input line 189.
LaTeX Font Info:    Redeclaring math symbol \Pi on input line 189.
LaTeX Font Info:    Redeclaring math symbol \Sigma on input line 189.
LaTeX Font Info:    Redeclaring math symbol \Upsilon on input line 189.
LaTeX Font Info:    Redeclaring math symbol \Phi on input line 189.
LaTeX Font Info:    Redeclaring math symbol \Psi on input line 189.
LaTeX Font Info:    Redeclaring math symbol \Omega on input line 189.
LaTeX Font Info:    Redeclaring math symbol \mathdollar on input line 189.
LaTeX Font Info:    Redeclaring symbol font `operators' on input line 189.
LaTeX Font Info:    Encoding `OT1' has changed to `TU' for symbol font
(Font)              `operators' in the math version `normal' on input line 189.

LaTeX Font Info:    Overwriting symbol font `operators' in version `normal'
(Font)                  OT1/cmr/m/n --> TU/lmr/m/n on input line 189.
LaTeX Font Info:    Encoding `OT1' has changed to `TU' for symbol font
(Font)              `operators' in the math version `bold' on input line 189.
LaTeX Font Info:    Overwriting symbol font `operators' in version `bold'
(Font)                  OT1/cmr/bx/n --> TU/lmr/m/n on input line 189.
LaTeX Font Info:    Overwriting symbol font `operators' in version `normal'
(Font)                  TU/lmr/m/n --> TU/lmr/m/n on input line 189.
LaTeX Font Info:    Overwriting math alphabet `\mathit' in version `normal'
(Font)                  OT1/cmr/m/it --> TU/lmr/m/it on input line 189.
LaTeX Font Info:    Overwriting math alphabet `\mathbf' in version `normal'
(Font)                  OT1/cmr/bx/n --> TU/lmr/bx/n on input line 189.
LaTeX Font Info:    Overwriting math alphabet `\mathsf' in version `normal'
(Font)                  OT1/cmss/m/n --> TU/lmss/m/n on input line 189.
LaTeX Font Info:    Overwriting math alphabet `\mathtt' in version `normal'
(Font)                  OT1/cmtt/m/n --> TU/pcr/m/n on input line 189.
LaTeX Font Info:    Overwriting symbol font `operators' in version `bold'
(Font)                  TU/lmr/m/n --> TU/lmr/bx/n on input line 189.
LaTeX Font Info:    Overwriting math alphabet `\mathit' in version `bold'
(Font)                  OT1/cmr/bx/it --> TU/lmr/bx/it on input line 189.
LaTeX Font Info:    Overwriting math alphabet `\mathsf' in version `bold'
(Font)                  OT1/cmss/bx/n --> TU/lmss/bx/n on input line 189.
LaTeX Font Info:    Overwriting math alphabet `\mathtt' in version `bold'
(Font)                  OT1/cmtt/m/n --> TU/pcr/bx/n on input line 189.
ABD: EveryShipout initializing macros

Package todonotes Warning: The length marginparwidth is less than 2cm and will 
most likely cause issues with the appearance of inserted todonotes. The issue c
an be solved by adding a line like \setlength {\marginparwidth }{2cm} prior to 
loading the todonotes package. on input line 189.

Package biblatex Info: XeTeX detected.
(biblatex)             Assuming input encoding 'utf8'.
Package biblatex Info: Automatic encoding selection.
(biblatex)             Assuming data encoding 'utf8'.
\openout4 = `Utmutato.bcf'.

Package biblatex Info: Trying to load bibliographic data...
Package biblatex Info: ... file 'Utmutato.bbl' found.
(Utmutato.bbl)
Package biblatex Info: Reference section=0 on input line 189.
Package biblatex Info: Reference segment=0 on input line 189.

("/Users/martonszemenyei/Library/Application Support/MiKTeX/texmfs/install/tex/
latex/base/report.cls"
LaTeX Info: Redefining \cal on input line 576.
LaTeX Info: Redefining \mit on input line 577.
)
File: images/logo.png Graphic file (type bmp)
<images/logo.png>
 [1


] (Utmutato.toc
LaTeX Font Info:    Try loading font information for U+msa on input line 5.

("/Users/martonszemenyei/Library/Application Support/MiKTeX/texmfs/install/tex/
latex/amsfonts/umsa.fd"
File: umsa.fd 2013/01/14 v3.01 AMS symbols A
)
LaTeX Font Info:    Try loading font information for U+msb on input line 5.

("/Users/martonszemenyei/Library/Application Support/MiKTeX/texmfs/install/tex/
latex/amsfonts/umsb.fd"
File: umsb.fd 2013/01/14 v3.01 AMS symbols B
)
Overfull \hbox (16.53757pt too wide) in paragraph at lines 23--23
 [][] [][][]\TU/lmr/m/n/12 Feladat: rjon eljrst, amely a kameramtrix ismere
tben meghatrozza 
 []


Overfull \hbox (19.20076pt too wide) in paragraph at lines 25--25
 [][] [][][]\TU/lmr/m/n/12 Feladat: Vgezze el kt egymst kvet kpen a kpje
llemzk detektlst 
 []


Overfull \hbox (14.05354pt too wide) in paragraph at lines 37--37
 [][] [][][]\TU/lmr/m/n/12 Feladat: Alkosson robusztus pozcibecsl eljrst, 
ami a kamera 
 []

)
\tf@toc=\write6
\openout6 = `Utmutato.toc'.

 [1

]
1. fejezet.

Overfull \hbox (10.70866pt too wide) in paragraph at lines 226--227
\TU/lmr/m/n/12 automatikusan informcikat tudjunk nyerni egy szmtgpes algo
ritmus segtsgvel.
 []


Overfull \hbox (3.6802pt too wide) in paragraph at lines 226--227
\TU/lmr/m/n/12 A legtbb gyakorlatban hasznlt kpalkot rendszer azonban a val
s, hromdimenzis
 []


Overfull \hbox (8.8663pt too wide) in paragraph at lines 226--227
\TU/lmr/m/n/12 belthat, hogy a vetts mvelete miatt szmos, szmunkra fonto
s geometriai jellemz
 []


Overfull \hbox (15.9207pt too wide) in paragraph at lines 228--229
\TU/lmr/m/n/12 megoldsa a gyakorlatban elterjedt egyidej lokalizcis s trk
pkszts (Simultaneous
 []


Overfull \hbox (38.69809pt too wide) in paragraph at lines 234--235
\TU/lmr/m/n/12 SLAM algoritmusok esetn a krnyezetrl inkrementlis mdon ksz
tnk 3D rekonstrukcit,
 []


Overfull \hbox (20.28468pt too wide) in paragraph at lines 234--235
\TU/lmr/m/n/12 vagyis minden jonnan berkez kp esetn hozzadunk a mr megl
v rekonstrukcihoz,
 []

[2

]
Overfull \hbox (34.41751pt too wide) in paragraph at lines 251--252
\TU/lmr/m/n/12 is lehetsges az a megolds, hogy az elz kpkockk mellett a m
r elkszlt trkprszlethez
 []


Overfull \hbox (27.1082pt too wide) in paragraph at lines 253--254
\TU/lmr/m/n/12 hanem 3D pontprokbl vgezhetjk el, amely egzakt mdon s egy
rtelmen megoldhat. 
 []


Overfull \hbox (2.27028pt too wide) in paragraph at lines 258--259
\TU/lmr/m/n/12 transzformci, vagyis a SIFT-algoritmus (Scale Invariant Featur
e Transform), amely
 []


Overfull \hbox (17.91669pt too wide) in paragraph at lines 260--261
\TU/lmr/m/n/12 a legkzelebbi szomszd megkeresse azonban nem elegend j pro
stsok ltrehozsra,
 []


Overfull \hbox (10.20947pt too wide) in paragraph at lines 260--261
\TU/lmr/m/n/12 ugyanis legkzelebbi szomszdja azoknak a jellemzknek is lesz, 
amelyeknek valamilyen
 []

[3]
Overfull \hbox (2.73141pt too wide) in paragraph at lines 262--263
\TU/lmr/m/n/12 egytt. Az els az n. arnyteszt: ekkor az adott jellemznek ne
m csak a legkzelebbi
 []


Overfull \hbox (2.89565pt too wide) in paragraph at lines 262--263
\TU/lmr/m/n/12 legkzelebbit is. Ezt kveten, ha azt talljuk, hogy a legkzel
ebbi szomszd lerjtl
 []


Overfull \hbox (3.6594pt too wide) in paragraph at lines 282--283
\TU/lmr/m/n/12 torzt hatsnak elkerlse vgett azonban clszer a robusztus
 RANSAC algoritmus
 []


Overfull \hbox (5.68024pt too wide) in paragraph at lines 282--283
\TU/lmr/m/n/12 hasznlata. A RANSAC alapveten egy univerzlis paramterbecsls
i eljrs, amelyet
 []

[4]
Overfull \hbox (17.0127pt too wide) in paragraph at lines 284--285
[]\TU/lmr/m/n/12 Az algoritmus alapelve rendkvl egyszer: egy ponthalmazbl v
letlenszeren pontokat
 []


Overfull \hbox (4.15895pt too wide) in paragraph at lines 284--285
\TU/lmr/m/n/12 jelltet. A kpjellemzk prostsrl, valamint a SLAM s RANSA
C algoritmusokrl
 []

[5]
2. fejezet.

Overfull \hbox (6.1709pt too wide) in paragraph at lines 288--289
\TU/lmr/m/n/12 A mrs sorn a \TU/lmr/m/it/12 PyCharm \TU/lmr/m/n/12 elnevezs
 IDE ll rendelkezsre, amely rendkvl sokoldal
 []


Overfull \hbox (14.90547pt too wide) in paragraph at lines 288--289
\TU/lmr/m/n/12 szolgltatsokkal knnyti meg a szoftverfejlesztst, pldul ko
nfigurlhat automatikus
 []


Overfull \hbox (16.6175pt too wide) in paragraph at lines 290--291
\TU/lmr/m/n/12 egyik rendkvl knyelmes funkcija a beptett package manager,
 amelynek segtsgvel
 []


Overfull \hbox (9.80147pt too wide) in paragraph at lines 290--291
\TU/lmr/m/n/12 az egyes knyvtrak automatikusan telepthetk, teleptsk utn 
pedig minden tovbbi
 []


Overfull \hbox (4.96204pt too wide) in paragraph at lines 296--297
\TU/lmr/m/n/12 azonban a nyelv bonyolultabb funkciira is szksgnk lesz. Az a
lbbiakban tekintsk
 []


("/Users/martonszemenyei/Library/Application Support/MiKTeX/texmfs/install/tex/
latex/listings/lstlang1.sty"
File: lstlang1.sty 2019/02/27 1.8b listings language file
)
LaTeX Font Info:    Try loading font information for TU+pcr on input line 300.
LaTeX Font Info:    No file TUpcr.fd. on input line 300.


LaTeX Font Warning: Font shape `TU/pcr/m/n' undefined
(Font)              using `TU/lmr/m/n' instead on input line 300.

[6

]
Overfull \hbox (22.68066pt too wide) in paragraph at lines 331--332
[]\TU/pcr/m/n/12 Adott esetben egyszerre tbb (egyenl elemszm) listn is vg
igiterlhatunk egyidejleg: 
 []


Overfull \hbox (23.13751pt too wide) in paragraph at lines 339--340
[]\TU/pcr/m/n/12 rdemes megjegyezni, hogy az in kulcssz feltteleknl is ha
sznlhat annak eldntsre,
 []

[7]
Overfull \hbox (23.60948pt too wide) in paragraph at lines 365--366
\TU/pcr/m/n/12 Fontos megjegyezni, hogy a Python list s tuple osztlyok klnb
z tpus objektumokat
 []


Overfull \hbox (23.4047pt too wide) in paragraph at lines 367--368
\TU/pcr/m/n/12 broadcasting szablyai alapjn kt tmb az albbi felttelek tel
jestse esetn kompatibilis
 []


Overfull \hbox (39.39577pt too wide) in paragraph at lines 389--390
[]\TU/pcr/m/n/12 A $\OML/cmm/m/it/12 dim$ \TU/pcr/m/n/12 vltoz azt adja meg, 
hogy melyik dimenzi mentn trtnjen a kiegszts/sszefzs.
 []


Overfull \hbox (19.20149pt too wide) in paragraph at lines 389--390
\TU/pcr/m/n/12 Ha None rtket adunk meg (nem adjuk meg a paramtert), akkor a 
NumPy megprblja
 []

[8]
Overfull \hbox (35.8535pt too wide) in paragraph at lines 412--413
\TU/pcr/m/n/12 mveletek elvgzsre, mint pldul a mtrixszorzs (amennyiben 
a dimenzik megfelelek),
 []

[9]
3. fejezet.

Overfull \hbox (11.9837pt too wide) in paragraph at lines 424--424
|[]\TU/lmr/bx/n/14.4 Feladat: rjon eljrst, amely a kameramtrix ismeretben
 []


Package hyperref Warning: Token not allowed in a PDF string (Unicode):
(hyperref)                removing `math shift' on input line 424.


Package hyperref Warning: Token not allowed in a PDF string (Unicode):
(hyperref)                removing `math shift' on input line 424.


Overfull \hbox (27.19014pt too wide) in paragraph at lines 433--433
|[]\TU/lmr/bx/n/14.4 Feladat: Vgezze el kt egymst kvet kpen a kpjellemz
k
 []

[10

]
Overfull \hbox (32.5163pt too wide) in paragraph at lines 517--517
|[]\TU/lmr/bx/n/14.4 Feladat: Implementlja a RANSAC algoritmust, s hatrozza
 []


Overfull \hbox (2.32854pt too wide) in paragraph at lines 517--517
\TU/lmr/bx/n/14.4 meg a kt kpkocka kzti merev transzformci mtrixt!| 
 []


Overfull \hbox (15.3701pt too wide) in paragraph at lines 519--520
\TU/pcr/m/n/12 A feladathoz a \TU/lmr/m/it/12 RANSAC.py \TU/pcr/m/n/12 fjlban 
definilt \TU/lmr/bx/n/12 RANSAC \TU/pcr/m/n/12 osztly \TU/lmr/bx/n/12 __call_
_ \TU/pcr/m/n/12 fggvnyt
 []

[11]
Overfull \hbox (5.03575pt too wide) in paragraph at lines 582--582
\TU/lmr/bx/n/14.4 alkosson trkpet, amely a jellemzk abszolt pozcijt
 []


Overfull \hbox (39.05139pt too wide) in paragraph at lines 584--585
\TU/pcr/m/n/12 A feladathoz rdemes a \TU/lmr/m/it/12 Map.py \TU/pcr/m/n/12 fj
lban definilt \TU/lmr/bx/n/12 Map \TU/pcr/m/n/12 osztly megvalstst tanulm
nyozni. 
 []

[12]
Overfull \hbox (0.9245pt too wide) in paragraph at lines 615--615
|[]\TU/lmr/bx/n/14.4 Feladat: Alkosson robusztus pozcibecsl eljrst, ami
 []


Overfull \hbox (13.8917pt too wide) in paragraph at lines 615--615
\TU/lmr/bx/n/14.4 kt klnbz pozci becslst Kalman-szr segtsgvel
 []

[13]
4. fejezet.
[14

]
\tf@thm=\write7
\openout7 = `Utmutato.thm'.

 
AED: lastpage setting LastPage
[15

]

Package caption Warning: Unused \captionsetup[sub] on input line 33.
See the caption package documentation for explanation.


Package caption Warning: Unused \captionsetup[figure] on input line 164.
See the caption package documentation for explanation.

Package atveryend Info: Empty hook `BeforeClearDocument' on input line 648.
Package atveryend Info: Empty hook `AfterLastShipout' on input line 648.
(Utmutato.aux)
Package atveryend Info: Empty hook `AtVeryEndDocument' on input line 648.
Package atveryend Info: Executing hook `AtEndAfterFileList' on input line 648.
Package rerunfilecheck Info: File `Utmutato.out' has not changed.
(rerunfilecheck)             Checksum: 4F3935B1F32AA848A5EA1ACE5769A9C8.


LaTeX Font Warning: Some font shapes were not available, defaults substituted.

Package logreq Info: Writing requests to 'Utmutato.run.xml'.
\openout1 = `Utmutato.run.xml'.

Package atveryend Info: Empty hook `AtVeryVeryEnd' on input line 648.
 ) 
Here is how much of TeX's memory you used:
 43518 strings out of 429670
 833061 string characters out of 3178367
 1360542 words of memory out of 3000000
 46928 multiletter control sequences out of 15000+200000
 545608 words of font info for 89 fonts, out of 3000000 for 9000
 0 hyphenation exceptions out of 8191
 62i,12n,81p,935b,7135s stack positions out of 5000i,500n,10000p,200000b,50000s

Output written on Utmutato.pdf (16 pages).
